{"/Users/Harry/Desktop/Flask-Jeeves/client/src/components/CatBot/index.jsx": {"path":"/Users/Harry/Desktop/Flask-Jeeves/client/src/components/CatBot/index.jsx","all":false,"statementMap":{"0":{"start":{"line":1,"column":0},"end":{"line":1,"column":59}},"1":{"start":{"line":2,"column":0},"end":{"line":2,"column":43}},"2":{"start":{"line":3,"column":0},"end":{"line":3,"column":50}},"3":{"start":{"line":4,"column":0},"end":{"line":4,"column":50}},"4":{"start":{"line":5,"column":0},"end":{"line":5,"column":50}},"5":{"start":{"line":6,"column":0},"end":{"line":6,"column":50}},"6":{"start":{"line":7,"column":0},"end":{"line":7,"column":48}},"7":{"start":{"line":8,"column":0},"end":{"line":8,"column":39}},"8":{"start":{"line":9,"column":0},"end":{"line":9,"column":48}},"9":{"start":{"line":10,"column":0},"end":{"line":10,"column":57}},"10":{"start":{"line":11,"column":0},"end":{"line":11,"column":52}},"11":{"start":{"line":12,"column":0},"end":{"line":12,"column":0}},"12":{"start":{"line":13,"column":0},"end":{"line":13,"column":34}},"13":{"start":{"line":14,"column":0},"end":{"line":14,"column":52}},"14":{"start":{"line":15,"column":0},"end":{"line":15,"column":51}},"15":{"start":{"line":16,"column":0},"end":{"line":16,"column":57}},"16":{"start":{"line":17,"column":0},"end":{"line":17,"column":55}},"17":{"start":{"line":18,"column":0},"end":{"line":18,"column":48}},"18":{"start":{"line":19,"column":0},"end":{"line":19,"column":49}},"19":{"start":{"line":20,"column":0},"end":{"line":20,"column":262}},"20":{"start":{"line":21,"column":0},"end":{"line":21,"column":4}},"21":{"start":{"line":22,"column":0},"end":{"line":22,"column":63}},"22":{"start":{"line":23,"column":0},"end":{"line":23,"column":0}},"23":{"start":{"line":24,"column":0},"end":{"line":24,"column":39}},"24":{"start":{"line":25,"column":0},"end":{"line":25,"column":63}},"25":{"start":{"line":26,"column":0},"end":{"line":26,"column":21}},"26":{"start":{"line":27,"column":0},"end":{"line":27,"column":21}},"27":{"start":{"line":28,"column":0},"end":{"line":28,"column":19}},"28":{"start":{"line":29,"column":0},"end":{"line":29,"column":16}},"29":{"start":{"line":30,"column":0},"end":{"line":30,"column":30}},"30":{"start":{"line":31,"column":0},"end":{"line":31,"column":43}},"31":{"start":{"line":32,"column":0},"end":{"line":32,"column":8}},"32":{"start":{"line":33,"column":0},"end":{"line":33,"column":28}},"33":{"start":{"line":34,"column":0},"end":{"line":34,"column":36}},"34":{"start":{"line":35,"column":0},"end":{"line":35,"column":19}},"35":{"start":{"line":36,"column":0},"end":{"line":36,"column":11}},"36":{"start":{"line":37,"column":0},"end":{"line":37,"column":27}},"37":{"start":{"line":38,"column":0},"end":{"line":38,"column":20}},"38":{"start":{"line":39,"column":0},"end":{"line":39,"column":80}},"39":{"start":{"line":40,"column":0},"end":{"line":40,"column":12}},"40":{"start":{"line":41,"column":0},"end":{"line":41,"column":11}},"41":{"start":{"line":42,"column":0},"end":{"line":42,"column":25}},"42":{"start":{"line":43,"column":0},"end":{"line":43,"column":27}},"43":{"start":{"line":44,"column":0},"end":{"line":44,"column":12}},"44":{"start":{"line":45,"column":0},"end":{"line":45,"column":10}},"45":{"start":{"line":46,"column":0},"end":{"line":46,"column":9}},"46":{"start":{"line":47,"column":0},"end":{"line":47,"column":6}},"47":{"start":{"line":48,"column":0},"end":{"line":48,"column":0}},"48":{"start":{"line":49,"column":0},"end":{"line":49,"column":33}},"49":{"start":{"line":50,"column":0},"end":{"line":50,"column":51}},"50":{"start":{"line":51,"column":0},"end":{"line":51,"column":13}},"51":{"start":{"line":52,"column":0},"end":{"line":52,"column":6}},"52":{"start":{"line":53,"column":0},"end":{"line":53,"column":0}},"53":{"start":{"line":54,"column":0},"end":{"line":54,"column":39}},"54":{"start":{"line":55,"column":0},"end":{"line":55,"column":22}},"55":{"start":{"line":56,"column":0},"end":{"line":56,"column":0}},"56":{"start":{"line":57,"column":0},"end":{"line":57,"column":22}},"57":{"start":{"line":58,"column":0},"end":{"line":58,"column":23}},"58":{"start":{"line":59,"column":0},"end":{"line":59,"column":64}},"59":{"start":{"line":60,"column":0},"end":{"line":60,"column":7}},"60":{"start":{"line":61,"column":0},"end":{"line":61,"column":4}},"61":{"start":{"line":62,"column":0},"end":{"line":62,"column":0}},"62":{"start":{"line":63,"column":0},"end":{"line":63,"column":63}},"63":{"start":{"line":64,"column":0},"end":{"line":64,"column":23}},"64":{"start":{"line":65,"column":0},"end":{"line":65,"column":4}},"65":{"start":{"line":66,"column":0},"end":{"line":66,"column":51}},"66":{"start":{"line":67,"column":0},"end":{"line":67,"column":0}},"67":{"start":{"line":68,"column":0},"end":{"line":68,"column":35}},"68":{"start":{"line":69,"column":0},"end":{"line":69,"column":23}},"69":{"start":{"line":70,"column":0},"end":{"line":70,"column":38}},"70":{"start":{"line":71,"column":0},"end":{"line":71,"column":78}},"71":{"start":{"line":72,"column":0},"end":{"line":72,"column":22}},"72":{"start":{"line":73,"column":0},"end":{"line":73,"column":22}},"73":{"start":{"line":74,"column":0},"end":{"line":74,"column":26}},"74":{"start":{"line":75,"column":0},"end":{"line":75,"column":13}},"75":{"start":{"line":76,"column":0},"end":{"line":76,"column":4}},"76":{"start":{"line":77,"column":0},"end":{"line":77,"column":0}},"77":{"start":{"line":78,"column":0},"end":{"line":78,"column":31}},"78":{"start":{"line":79,"column":0},"end":{"line":79,"column":34}},"79":{"start":{"line":80,"column":0},"end":{"line":80,"column":4}},"80":{"start":{"line":81,"column":0},"end":{"line":81,"column":0}},"81":{"start":{"line":82,"column":0},"end":{"line":82,"column":34}},"82":{"start":{"line":83,"column":0},"end":{"line":83,"column":22}},"83":{"start":{"line":84,"column":0},"end":{"line":84,"column":26}},"84":{"start":{"line":85,"column":0},"end":{"line":85,"column":13}},"85":{"start":{"line":86,"column":0},"end":{"line":86,"column":4}},"86":{"start":{"line":87,"column":0},"end":{"line":87,"column":0}},"87":{"start":{"line":88,"column":0},"end":{"line":88,"column":39}},"88":{"start":{"line":89,"column":0},"end":{"line":89,"column":23}},"89":{"start":{"line":90,"column":0},"end":{"line":90,"column":23}},"90":{"start":{"line":91,"column":0},"end":{"line":91,"column":38}},"91":{"start":{"line":92,"column":0},"end":{"line":92,"column":78}},"92":{"start":{"line":93,"column":0},"end":{"line":93,"column":22}},"93":{"start":{"line":94,"column":0},"end":{"line":94,"column":22}},"94":{"start":{"line":95,"column":0},"end":{"line":95,"column":26}},"95":{"start":{"line":96,"column":0},"end":{"line":96,"column":13}},"96":{"start":{"line":97,"column":0},"end":{"line":97,"column":4}},"97":{"start":{"line":98,"column":0},"end":{"line":98,"column":0}},"98":{"start":{"line":99,"column":0},"end":{"line":99,"column":19}},"99":{"start":{"line":100,"column":0},"end":{"line":100,"column":62}},"100":{"start":{"line":101,"column":0},"end":{"line":101,"column":9}},"101":{"start":{"line":102,"column":0},"end":{"line":102,"column":0}},"102":{"start":{"line":103,"column":0},"end":{"line":103,"column":27}},"103":{"start":{"line":104,"column":0},"end":{"line":104,"column":0}},"104":{"start":{"line":105,"column":0},"end":{"line":105,"column":19}},"105":{"start":{"line":106,"column":0},"end":{"line":106,"column":31}},"106":{"start":{"line":107,"column":0},"end":{"line":107,"column":35}},"107":{"start":{"line":108,"column":0},"end":{"line":108,"column":27}},"108":{"start":{"line":109,"column":0},"end":{"line":109,"column":21}},"109":{"start":{"line":110,"column":0},"end":{"line":110,"column":9}},"110":{"start":{"line":111,"column":0},"end":{"line":111,"column":5}},"111":{"start":{"line":112,"column":0},"end":{"line":112,"column":22}},"112":{"start":{"line":113,"column":0},"end":{"line":113,"column":0}},"113":{"start":{"line":114,"column":0},"end":{"line":114,"column":19}},"114":{"start":{"line":115,"column":0},"end":{"line":115,"column":35}},"115":{"start":{"line":116,"column":0},"end":{"line":116,"column":27}},"116":{"start":{"line":117,"column":0},"end":{"line":117,"column":0}},"117":{"start":{"line":118,"column":0},"end":{"line":118,"column":10}},"118":{"start":{"line":119,"column":0},"end":{"line":119,"column":6}},"119":{"start":{"line":120,"column":0},"end":{"line":120,"column":21}},"120":{"start":{"line":121,"column":0},"end":{"line":121,"column":15}},"121":{"start":{"line":122,"column":0},"end":{"line":122,"column":23}},"122":{"start":{"line":123,"column":0},"end":{"line":123,"column":47}},"123":{"start":{"line":124,"column":0},"end":{"line":124,"column":26}},"124":{"start":{"line":125,"column":0},"end":{"line":125,"column":31}},"125":{"start":{"line":126,"column":0},"end":{"line":126,"column":31}},"126":{"start":{"line":127,"column":0},"end":{"line":127,"column":12}},"127":{"start":{"line":128,"column":0},"end":{"line":128,"column":9}},"128":{"start":{"line":129,"column":0},"end":{"line":129,"column":55}},"129":{"start":{"line":130,"column":0},"end":{"line":130,"column":17}},"130":{"start":{"line":131,"column":0},"end":{"line":131,"column":11}},"131":{"start":{"line":132,"column":0},"end":{"line":132,"column":64}},"132":{"start":{"line":133,"column":0},"end":{"line":133,"column":14}},"133":{"start":{"line":134,"column":0},"end":{"line":134,"column":20}},"134":{"start":{"line":135,"column":0},"end":{"line":135,"column":28}},"135":{"start":{"line":136,"column":0},"end":{"line":136,"column":28}},"136":{"start":{"line":137,"column":0},"end":{"line":137,"column":41}},"137":{"start":{"line":138,"column":0},"end":{"line":138,"column":29}},"138":{"start":{"line":139,"column":0},"end":{"line":139,"column":30}},"139":{"start":{"line":140,"column":0},"end":{"line":140,"column":35}},"140":{"start":{"line":141,"column":0},"end":{"line":141,"column":35}},"141":{"start":{"line":142,"column":0},"end":{"line":142,"column":46}},"142":{"start":{"line":143,"column":0},"end":{"line":143,"column":45}},"143":{"start":{"line":144,"column":0},"end":{"line":144,"column":32}},"144":{"start":{"line":145,"column":0},"end":{"line":145,"column":14}},"145":{"start":{"line":146,"column":0},"end":{"line":146,"column":11}},"146":{"start":{"line":147,"column":0},"end":{"line":147,"column":76}},"147":{"start":{"line":148,"column":0},"end":{"line":148,"column":24}},"148":{"start":{"line":149,"column":0},"end":{"line":149,"column":24}},"149":{"start":{"line":150,"column":0},"end":{"line":150,"column":47}},"150":{"start":{"line":151,"column":0},"end":{"line":151,"column":51}},"151":{"start":{"line":152,"column":0},"end":{"line":152,"column":16}},"152":{"start":{"line":153,"column":0},"end":{"line":153,"column":25}},"153":{"start":{"line":154,"column":0},"end":{"line":154,"column":16}},"154":{"start":{"line":155,"column":0},"end":{"line":155,"column":14}},"155":{"start":{"line":156,"column":0},"end":{"line":156,"column":33}},"156":{"start":{"line":157,"column":0},"end":{"line":157,"column":20}},"157":{"start":{"line":158,"column":0},"end":{"line":158,"column":28}},"158":{"start":{"line":159,"column":0},"end":{"line":159,"column":28}},"159":{"start":{"line":160,"column":0},"end":{"line":160,"column":38}},"160":{"start":{"line":161,"column":0},"end":{"line":161,"column":31}},"161":{"start":{"line":162,"column":0},"end":{"line":162,"column":30}},"162":{"start":{"line":163,"column":0},"end":{"line":163,"column":38}},"163":{"start":{"line":164,"column":0},"end":{"line":164,"column":14}},"164":{"start":{"line":165,"column":0},"end":{"line":165,"column":11}},"165":{"start":{"line":166,"column":0},"end":{"line":166,"column":14}},"166":{"start":{"line":167,"column":0},"end":{"line":167,"column":54}},"167":{"start":{"line":168,"column":0},"end":{"line":168,"column":24}},"168":{"start":{"line":169,"column":0},"end":{"line":169,"column":22}},"169":{"start":{"line":170,"column":0},"end":{"line":170,"column":28}},"170":{"start":{"line":171,"column":0},"end":{"line":171,"column":38}},"171":{"start":{"line":172,"column":0},"end":{"line":172,"column":43}},"172":{"start":{"line":173,"column":0},"end":{"line":173,"column":79}},"173":{"start":{"line":174,"column":0},"end":{"line":174,"column":43}},"174":{"start":{"line":175,"column":0},"end":{"line":175,"column":47}},"175":{"start":{"line":176,"column":0},"end":{"line":176,"column":48}},"176":{"start":{"line":177,"column":0},"end":{"line":177,"column":22}},"177":{"start":{"line":178,"column":0},"end":{"line":178,"column":19}},"178":{"start":{"line":179,"column":0},"end":{"line":179,"column":38}},"179":{"start":{"line":180,"column":0},"end":{"line":180,"column":26}},"180":{"start":{"line":181,"column":0},"end":{"line":181,"column":32}},"181":{"start":{"line":182,"column":0},"end":{"line":182,"column":40}},"182":{"start":{"line":183,"column":0},"end":{"line":183,"column":41}},"183":{"start":{"line":184,"column":0},"end":{"line":184,"column":0}},"184":{"start":{"line":185,"column":0},"end":{"line":185,"column":53}},"185":{"start":{"line":186,"column":0},"end":{"line":186,"column":57}},"186":{"start":{"line":187,"column":0},"end":{"line":187,"column":26}},"187":{"start":{"line":188,"column":0},"end":{"line":188,"column":23}},"188":{"start":{"line":189,"column":0},"end":{"line":189,"column":28}},"189":{"start":{"line":190,"column":0},"end":{"line":190,"column":67}},"190":{"start":{"line":191,"column":0},"end":{"line":191,"column":40}},"191":{"start":{"line":192,"column":0},"end":{"line":192,"column":26}},"192":{"start":{"line":193,"column":0},"end":{"line":193,"column":28}},"193":{"start":{"line":194,"column":0},"end":{"line":194,"column":29}},"194":{"start":{"line":195,"column":0},"end":{"line":195,"column":22}},"195":{"start":{"line":196,"column":0},"end":{"line":196,"column":56}},"196":{"start":{"line":197,"column":0},"end":{"line":197,"column":30}},"197":{"start":{"line":198,"column":0},"end":{"line":198,"column":42}},"198":{"start":{"line":199,"column":0},"end":{"line":199,"column":41}},"199":{"start":{"line":200,"column":0},"end":{"line":200,"column":51}},"200":{"start":{"line":201,"column":0},"end":{"line":201,"column":66}},"201":{"start":{"line":202,"column":0},"end":{"line":202,"column":66}},"202":{"start":{"line":203,"column":0},"end":{"line":203,"column":40}},"203":{"start":{"line":204,"column":0},"end":{"line":204,"column":46}},"204":{"start":{"line":205,"column":0},"end":{"line":205,"column":55}},"205":{"start":{"line":206,"column":0},"end":{"line":206,"column":24}},"206":{"start":{"line":207,"column":0},"end":{"line":207,"column":21}},"207":{"start":{"line":208,"column":0},"end":{"line":208,"column":74}},"208":{"start":{"line":209,"column":0},"end":{"line":209,"column":41}},"209":{"start":{"line":210,"column":0},"end":{"line":210,"column":27}},"210":{"start":{"line":211,"column":0},"end":{"line":211,"column":26}},"211":{"start":{"line":212,"column":0},"end":{"line":212,"column":78}},"212":{"start":{"line":213,"column":0},"end":{"line":213,"column":27}},"213":{"start":{"line":214,"column":0},"end":{"line":214,"column":24}},"214":{"start":{"line":215,"column":0},"end":{"line":215,"column":24}},"215":{"start":{"line":216,"column":0},"end":{"line":216,"column":37}},"216":{"start":{"line":217,"column":0},"end":{"line":217,"column":26}},"217":{"start":{"line":218,"column":0},"end":{"line":218,"column":32}},"218":{"start":{"line":219,"column":0},"end":{"line":219,"column":40}},"219":{"start":{"line":220,"column":0},"end":{"line":220,"column":41}},"220":{"start":{"line":221,"column":0},"end":{"line":221,"column":53}},"221":{"start":{"line":222,"column":0},"end":{"line":222,"column":57}},"222":{"start":{"line":223,"column":0},"end":{"line":223,"column":26}},"223":{"start":{"line":224,"column":0},"end":{"line":224,"column":23}},"224":{"start":{"line":225,"column":0},"end":{"line":225,"column":35}},"225":{"start":{"line":226,"column":0},"end":{"line":226,"column":34}},"226":{"start":{"line":227,"column":0},"end":{"line":227,"column":45}},"227":{"start":{"line":228,"column":0},"end":{"line":228,"column":43}},"228":{"start":{"line":229,"column":0},"end":{"line":229,"column":42}},"229":{"start":{"line":230,"column":0},"end":{"line":230,"column":28}},"230":{"start":{"line":231,"column":0},"end":{"line":231,"column":26}},"231":{"start":{"line":232,"column":0},"end":{"line":232,"column":28}},"232":{"start":{"line":233,"column":0},"end":{"line":233,"column":29}},"233":{"start":{"line":234,"column":0},"end":{"line":234,"column":24}},"234":{"start":{"line":235,"column":0},"end":{"line":235,"column":18}},"235":{"start":{"line":236,"column":0},"end":{"line":236,"column":17}},"236":{"start":{"line":237,"column":0},"end":{"line":237,"column":31}},"237":{"start":{"line":238,"column":0},"end":{"line":238,"column":15}},"238":{"start":{"line":239,"column":0},"end":{"line":239,"column":16}},"239":{"start":{"line":240,"column":0},"end":{"line":240,"column":15}},"240":{"start":{"line":241,"column":0},"end":{"line":241,"column":43}},"241":{"start":{"line":242,"column":0},"end":{"line":242,"column":20}},"242":{"start":{"line":243,"column":0},"end":{"line":243,"column":28}},"243":{"start":{"line":244,"column":0},"end":{"line":244,"column":28}},"244":{"start":{"line":245,"column":0},"end":{"line":245,"column":30}},"245":{"start":{"line":246,"column":0},"end":{"line":246,"column":45}},"246":{"start":{"line":247,"column":0},"end":{"line":247,"column":35}},"247":{"start":{"line":248,"column":0},"end":{"line":248,"column":35}},"248":{"start":{"line":249,"column":0},"end":{"line":249,"column":46}},"249":{"start":{"line":250,"column":0},"end":{"line":250,"column":39}},"250":{"start":{"line":251,"column":0},"end":{"line":251,"column":14}},"251":{"start":{"line":252,"column":0},"end":{"line":252,"column":11}},"252":{"start":{"line":253,"column":0},"end":{"line":253,"column":22}},"253":{"start":{"line":254,"column":0},"end":{"line":254,"column":33}},"254":{"start":{"line":255,"column":0},"end":{"line":255,"column":32}},"255":{"start":{"line":256,"column":0},"end":{"line":256,"column":31}},"256":{"start":{"line":257,"column":0},"end":{"line":257,"column":37}},"257":{"start":{"line":258,"column":0},"end":{"line":258,"column":32}},"258":{"start":{"line":259,"column":0},"end":{"line":259,"column":22}},"259":{"start":{"line":260,"column":0},"end":{"line":260,"column":29}},"260":{"start":{"line":261,"column":0},"end":{"line":261,"column":36}},"261":{"start":{"line":262,"column":0},"end":{"line":262,"column":16}},"262":{"start":{"line":263,"column":0},"end":{"line":263,"column":14}},"263":{"start":{"line":264,"column":0},"end":{"line":264,"column":52}},"264":{"start":{"line":265,"column":0},"end":{"line":265,"column":26}},"265":{"start":{"line":266,"column":0},"end":{"line":266,"column":25}},"266":{"start":{"line":267,"column":0},"end":{"line":267,"column":17}},"267":{"start":{"line":268,"column":0},"end":{"line":268,"column":14}},"268":{"start":{"line":269,"column":0},"end":{"line":269,"column":8}},"269":{"start":{"line":270,"column":0},"end":{"line":270,"column":7}},"270":{"start":{"line":271,"column":0},"end":{"line":271,"column":4}},"271":{"start":{"line":272,"column":0},"end":{"line":272,"column":1}}},"s":{"0":1,"1":1,"2":1,"3":1,"4":1,"5":1,"6":1,"7":1,"8":1,"9":1,"10":1,"11":1,"12":16,"13":16,"14":16,"15":16,"16":16,"17":16,"18":16,"19":16,"20":16,"21":16,"22":16,"23":16,"24":8,"25":8,"26":8,"27":8,"28":8,"29":8,"30":8,"31":8,"32":8,"33":8,"34":8,"35":8,"36":8,"37":8,"38":8,"39":8,"40":8,"41":8,"42":8,"43":8,"44":8,"45":8,"46":8,"47":8,"48":8,"49":8,"50":8,"51":8,"52":0,"53":0,"54":0,"55":0,"56":0,"57":0,"58":0,"59":0,"60":8,"61":16,"62":16,"63":16,"64":16,"65":16,"66":16,"67":16,"68":0,"69":0,"70":0,"71":0,"72":0,"73":0,"74":0,"75":0,"76":16,"77":16,"78":0,"79":0,"80":16,"81":16,"82":0,"83":0,"84":0,"85":0,"86":16,"87":16,"88":0,"89":0,"90":0,"91":0,"92":0,"93":0,"94":0,"95":0,"96":0,"97":16,"98":16,"99":8,"100":16,"101":16,"102":16,"103":16,"104":16,"105":16,"106":8,"107":8,"108":8,"109":8,"110":8,"111":16,"112":16,"113":16,"114":8,"115":16,"116":16,"117":16,"118":16,"119":16,"120":16,"121":16,"122":16,"123":16,"124":0,"125":0,"126":0,"127":16,"128":16,"129":16,"130":0,"131":0,"132":0,"133":0,"134":0,"135":0,"136":0,"137":0,"138":0,"139":0,"140":0,"141":0,"142":0,"143":0,"144":0,"145":0,"146":0,"147":0,"148":0,"149":0,"150":0,"151":0,"152":0,"153":0,"154":0,"155":0,"156":0,"157":0,"158":0,"159":0,"160":0,"161":0,"162":0,"163":0,"164":0,"165":0,"166":0,"167":0,"168":0,"169":0,"170":0,"171":0,"172":0,"173":0,"174":0,"175":0,"176":0,"177":0,"178":0,"179":0,"180":0,"181":0,"182":0,"183":0,"184":0,"185":0,"186":0,"187":0,"188":0,"189":0,"190":0,"191":0,"192":0,"193":0,"194":0,"195":0,"196":0,"197":0,"198":0,"199":0,"200":0,"201":0,"202":0,"203":0,"204":0,"205":0,"206":0,"207":0,"208":0,"209":0,"210":0,"211":0,"212":0,"213":0,"214":0,"215":0,"216":0,"217":0,"218":0,"219":0,"220":0,"221":0,"222":0,"223":0,"224":0,"225":0,"226":0,"227":0,"228":0,"229":0,"230":0,"231":0,"232":0,"233":0,"234":0,"235":0,"236":0,"237":0,"238":0,"239":0,"240":0,"241":0,"242":0,"243":0,"244":0,"245":0,"246":0,"247":0,"248":0,"249":0,"250":0,"251":0,"252":0,"253":0,"254":0,"255":0,"256":0,"257":0,"258":0,"259":0,"260":0,"261":0,"262":0,"263":0,"264":0,"265":0,"266":0,"267":0,"268":16,"269":16,"270":16,"271":16},"branchMap":{"0":{"type":"branch","line":13,"loc":{"start":{"line":13,"column":0},"end":{"line":272,"column":1}},"locations":[{"start":{"line":13,"column":0},"end":{"line":272,"column":1}}]},"1":{"type":"branch","line":130,"loc":{"start":{"line":130,"column":8},"end":{"line":268,"column":14}},"locations":[{"start":{"line":130,"column":8},"end":{"line":268,"column":14}}]},"2":{"type":"branch","line":24,"loc":{"start":{"line":24,"column":21},"end":{"line":61,"column":4}},"locations":[{"start":{"line":24,"column":21},"end":{"line":61,"column":4}}]},"3":{"type":"branch","line":52,"loc":{"start":{"line":52,"column":4},"end":{"line":60,"column":7}},"locations":[{"start":{"line":52,"column":4},"end":{"line":60,"column":7}}]},"4":{"type":"branch","line":99,"loc":{"start":{"line":99,"column":12},"end":{"line":101,"column":5}},"locations":[{"start":{"line":99,"column":12},"end":{"line":101,"column":5}}]},"5":{"type":"branch","line":105,"loc":{"start":{"line":105,"column":12},"end":{"line":112,"column":5}},"locations":[{"start":{"line":105,"column":12},"end":{"line":112,"column":5}}]},"6":{"type":"branch","line":106,"loc":{"start":{"line":106,"column":30},"end":{"line":111,"column":5}},"locations":[{"start":{"line":106,"column":30},"end":{"line":111,"column":5}}]},"7":{"type":"branch","line":107,"loc":{"start":{"line":107,"column":10},"end":{"line":107,"column":34}},"locations":[{"start":{"line":107,"column":10},"end":{"line":107,"column":34}}]},"8":{"type":"branch","line":114,"loc":{"start":{"line":114,"column":12},"end":{"line":116,"column":5}},"locations":[{"start":{"line":114,"column":12},"end":{"line":116,"column":5}}]}},"b":{"0":[16],"1":[0],"2":[8],"3":[0],"4":[8],"5":[16],"6":[8],"7":[0],"8":[8]},"fnMap":{"0":{"name":"CatBot","decl":{"start":{"line":13,"column":0},"end":{"line":272,"column":1}},"loc":{"start":{"line":13,"column":0},"end":{"line":272,"column":1}},"line":13},"1":{"name":"openAIFunc","decl":{"start":{"line":24,"column":21},"end":{"line":61,"column":4}},"loc":{"start":{"line":24,"column":21},"end":{"line":61,"column":4}},"line":24},"2":{"name":"handleInputSubmit","decl":{"start":{"line":68,"column":28},"end":{"line":76,"column":4}},"loc":{"start":{"line":68,"column":28},"end":{"line":76,"column":4}},"line":68},"3":{"name":"handleChange","decl":{"start":{"line":78,"column":23},"end":{"line":80,"column":4}},"loc":{"start":{"line":78,"column":23},"end":{"line":80,"column":4}},"line":78},"4":{"name":"openModalHandler","decl":{"start":{"line":82,"column":27},"end":{"line":86,"column":4}},"loc":{"start":{"line":82,"column":27},"end":{"line":86,"column":4}},"line":82},"5":{"name":"handleFormSubmission","decl":{"start":{"line":88,"column":31},"end":{"line":97,"column":4}},"loc":{"start":{"line":88,"column":31},"end":{"line":97,"column":4}},"line":88},"6":{"name":"onClick","decl":{"start":{"line":124,"column":19},"end":{"line":127,"column":12}},"loc":{"start":{"line":124,"column":19},"end":{"line":127,"column":12}},"line":124},"7":{"name":"onClick","decl":{"start":{"line":151,"column":25},"end":{"line":151,"column":51}},"loc":{"start":{"line":151,"column":25},"end":{"line":151,"column":51}},"line":151}},"f":{"0":16,"1":8,"2":0,"3":0,"4":0,"5":0,"6":0,"7":0}}
,"/Users/Harry/Desktop/Flask-Jeeves/client/src/components/CatList/index.jsx": {"path":"/Users/Harry/Desktop/Flask-Jeeves/client/src/components/CatList/index.jsx","all":false,"statementMap":{"0":{"start":{"line":1,"column":0},"end":{"line":1,"column":33}},"1":{"start":{"line":2,"column":0},"end":{"line":2,"column":26}},"2":{"start":{"line":3,"column":0},"end":{"line":3,"column":63}},"3":{"start":{"line":4,"column":0},"end":{"line":4,"column":64}},"4":{"start":{"line":5,"column":0},"end":{"line":5,"column":64}},"5":{"start":{"line":6,"column":0},"end":{"line":6,"column":66}},"6":{"start":{"line":7,"column":0},"end":{"line":7,"column":64}},"7":{"start":{"line":8,"column":0},"end":{"line":8,"column":48}},"8":{"start":{"line":9,"column":0},"end":{"line":9,"column":39}},"9":{"start":{"line":10,"column":0},"end":{"line":10,"column":0}},"10":{"start":{"line":11,"column":0},"end":{"line":11,"column":33}},"11":{"start":{"line":12,"column":0},"end":{"line":12,"column":6}},"12":{"start":{"line":13,"column":0},"end":{"line":13,"column":8}},"13":{"start":{"line":14,"column":0},"end":{"line":14,"column":14}},"14":{"start":{"line":15,"column":0},"end":{"line":15,"column":17}},"15":{"start":{"line":16,"column":0},"end":{"line":16,"column":15}},"16":{"start":{"line":17,"column":0},"end":{"line":17,"column":4}},"17":{"start":{"line":18,"column":0},"end":{"line":18,"column":45}},"18":{"start":{"line":19,"column":0},"end":{"line":19,"column":0}},"19":{"start":{"line":20,"column":0},"end":{"line":20,"column":35}},"20":{"start":{"line":21,"column":0},"end":{"line":21,"column":26}},"21":{"start":{"line":22,"column":0},"end":{"line":22,"column":31}},"22":{"start":{"line":23,"column":0},"end":{"line":23,"column":33}},"23":{"start":{"line":24,"column":0},"end":{"line":24,"column":31}},"24":{"start":{"line":25,"column":0},"end":{"line":25,"column":33}},"25":{"start":{"line":26,"column":0},"end":{"line":26,"column":32}},"26":{"start":{"line":27,"column":0},"end":{"line":27,"column":12}},"27":{"start":{"line":28,"column":0},"end":{"line":28,"column":26}},"28":{"start":{"line":29,"column":0},"end":{"line":29,"column":5}},"29":{"start":{"line":30,"column":0},"end":{"line":30,"column":4}},"30":{"start":{"line":31,"column":0},"end":{"line":31,"column":0}},"31":{"start":{"line":32,"column":0},"end":{"line":32,"column":10}},"32":{"start":{"line":33,"column":0},"end":{"line":33,"column":11}},"33":{"start":{"line":34,"column":0},"end":{"line":34,"column":22}},"34":{"start":{"line":35,"column":0},"end":{"line":35,"column":28}},"35":{"start":{"line":36,"column":0},"end":{"line":36,"column":28}},"36":{"start":{"line":37,"column":0},"end":{"line":37,"column":8}},"37":{"start":{"line":38,"column":0},"end":{"line":38,"column":40}},"38":{"start":{"line":39,"column":0},"end":{"line":39,"column":14}},"39":{"start":{"line":40,"column":0},"end":{"line":40,"column":21}},"40":{"start":{"line":41,"column":0},"end":{"line":41,"column":75}},"41":{"start":{"line":42,"column":0},"end":{"line":42,"column":24}},"42":{"start":{"line":43,"column":0},"end":{"line":43,"column":26}},"43":{"start":{"line":44,"column":0},"end":{"line":44,"column":33}},"44":{"start":{"line":45,"column":0},"end":{"line":45,"column":29}},"45":{"start":{"line":46,"column":0},"end":{"line":46,"column":29}},"46":{"start":{"line":47,"column":0},"end":{"line":47,"column":26}},"47":{"start":{"line":48,"column":0},"end":{"line":48,"column":8}},"48":{"start":{"line":49,"column":0},"end":{"line":49,"column":5}},"49":{"start":{"line":50,"column":0},"end":{"line":50,"column":10}},"50":{"start":{"line":51,"column":0},"end":{"line":51,"column":16}},"51":{"start":{"line":52,"column":0},"end":{"line":52,"column":20}},"52":{"start":{"line":53,"column":0},"end":{"line":53,"column":10}},"53":{"start":{"line":54,"column":0},"end":{"line":54,"column":7}},"54":{"start":{"line":55,"column":0},"end":{"line":55,"column":12}},"55":{"start":{"line":56,"column":0},"end":{"line":56,"column":18}},"56":{"start":{"line":57,"column":0},"end":{"line":57,"column":26}},"57":{"start":{"line":58,"column":0},"end":{"line":58,"column":27}},"58":{"start":{"line":59,"column":0},"end":{"line":59,"column":37}},"59":{"start":{"line":60,"column":0},"end":{"line":60,"column":34}},"60":{"start":{"line":61,"column":0},"end":{"line":61,"column":28}},"61":{"start":{"line":62,"column":0},"end":{"line":62,"column":33}},"62":{"start":{"line":63,"column":0},"end":{"line":63,"column":37}},"63":{"start":{"line":64,"column":0},"end":{"line":64,"column":12}},"64":{"start":{"line":65,"column":0},"end":{"line":65,"column":9}},"65":{"start":{"line":66,"column":0},"end":{"line":66,"column":55}},"66":{"start":{"line":67,"column":0},"end":{"line":67,"column":33}},"67":{"start":{"line":68,"column":0},"end":{"line":68,"column":16}},"68":{"start":{"line":69,"column":0},"end":{"line":69,"column":14}},"69":{"start":{"line":70,"column":0},"end":{"line":70,"column":12}},"70":{"start":{"line":71,"column":0},"end":{"line":71,"column":0}},"71":{"start":{"line":72,"column":0},"end":{"line":72,"column":10}},"72":{"start":{"line":73,"column":0},"end":{"line":73,"column":16}},"73":{"start":{"line":74,"column":0},"end":{"line":74,"column":20}},"74":{"start":{"line":75,"column":0},"end":{"line":75,"column":25}},"75":{"start":{"line":76,"column":0},"end":{"line":76,"column":26}},"76":{"start":{"line":77,"column":0},"end":{"line":77,"column":34}},"77":{"start":{"line":78,"column":0},"end":{"line":78,"column":35}},"78":{"start":{"line":79,"column":0},"end":{"line":79,"column":28}},"79":{"start":{"line":80,"column":0},"end":{"line":80,"column":10}},"80":{"start":{"line":81,"column":0},"end":{"line":81,"column":7}},"81":{"start":{"line":82,"column":0},"end":{"line":82,"column":42}},"82":{"start":{"line":83,"column":0},"end":{"line":83,"column":32}},"83":{"start":{"line":84,"column":0},"end":{"line":84,"column":13}},"84":{"start":{"line":85,"column":0},"end":{"line":85,"column":11}},"85":{"start":{"line":86,"column":0},"end":{"line":86,"column":18}},"86":{"start":{"line":87,"column":0},"end":{"line":87,"column":31}},"87":{"start":{"line":88,"column":0},"end":{"line":88,"column":30}},"88":{"start":{"line":89,"column":0},"end":{"line":89,"column":12}},"89":{"start":{"line":90,"column":0},"end":{"line":90,"column":9}},"90":{"start":{"line":91,"column":0},"end":{"line":91,"column":21}},"91":{"start":{"line":92,"column":0},"end":{"line":92,"column":13}},"92":{"start":{"line":93,"column":0},"end":{"line":93,"column":12}},"93":{"start":{"line":94,"column":0},"end":{"line":94,"column":13}},"94":{"start":{"line":95,"column":0},"end":{"line":95,"column":4}},"95":{"start":{"line":96,"column":0},"end":{"line":96,"column":1}}},"s":{"0":1,"1":1,"2":1,"3":1,"4":1,"5":1,"6":1,"7":1,"8":1,"9":1,"10":5,"11":5,"12":5,"13":5,"14":5,"15":5,"16":5,"17":5,"18":5,"19":5,"20":0,"21":0,"22":0,"23":0,"24":0,"25":0,"26":0,"27":0,"28":0,"29":0,"30":5,"31":5,"32":5,"33":5,"34":0,"35":0,"36":0,"37":5,"38":5,"39":5,"40":5,"41":5,"42":5,"43":5,"44":5,"45":5,"46":5,"47":5,"48":5,"49":5,"50":5,"51":5,"52":5,"53":5,"54":5,"55":5,"56":5,"57":5,"58":5,"59":5,"60":5,"61":5,"62":5,"63":5,"64":5,"65":5,"66":5,"67":5,"68":5,"69":5,"70":5,"71":5,"72":5,"73":5,"74":5,"75":5,"76":5,"77":5,"78":5,"79":5,"80":5,"81":5,"82":5,"83":5,"84":5,"85":5,"86":5,"87":5,"88":5,"89":5,"90":5,"91":5,"92":5,"93":5,"94":5,"95":5},"branchMap":{"0":{"type":"branch","line":11,"loc":{"start":{"line":11,"column":0},"end":{"line":96,"column":1}},"locations":[{"start":{"line":11,"column":0},"end":{"line":96,"column":1}}]},"1":{"type":"branch","line":41,"loc":{"start":{"line":41,"column":41},"end":{"line":41,"column":70}},"locations":[{"start":{"line":41,"column":41},"end":{"line":41,"column":70}}]},"2":{"type":"branch","line":41,"loc":{"start":{"line":41,"column":48},"end":{"line":41,"column":75}},"locations":[{"start":{"line":41,"column":48},"end":{"line":41,"column":75}}]}},"b":{"0":[5],"1":[0],"2":[0]},"fnMap":{"0":{"name":"CatList","decl":{"start":{"line":11,"column":0},"end":{"line":96,"column":1}},"loc":{"start":{"line":11,"column":0},"end":{"line":96,"column":1}},"line":11},"1":{"name":"imageHandler","decl":{"start":{"line":20,"column":23},"end":{"line":30,"column":4}},"loc":{"start":{"line":20,"column":23},"end":{"line":30,"column":4}},"line":20},"2":{"name":"onClick","decl":{"start":{"line":34,"column":15},"end":{"line":37,"column":8}},"loc":{"start":{"line":34,"column":15},"end":{"line":37,"column":8}},"line":34}},"f":{"0":5,"1":0,"2":0}}
,"/Users/Harry/Desktop/Flask-Jeeves/client/src/components/CatRegisterForm/index.jsx": {"path":"/Users/Harry/Desktop/Flask-Jeeves/client/src/components/CatRegisterForm/index.jsx","all":false,"statementMap":{"0":{"start":{"line":1,"column":0},"end":{"line":1,"column":48}},"1":{"start":{"line":2,"column":0},"end":{"line":2,"column":42}},"2":{"start":{"line":3,"column":0},"end":{"line":3,"column":46}},"3":{"start":{"line":4,"column":0},"end":{"line":4,"column":68}},"4":{"start":{"line":5,"column":0},"end":{"line":5,"column":71}},"5":{"start":{"line":6,"column":0},"end":{"line":6,"column":51}},"6":{"start":{"line":7,"column":0},"end":{"line":7,"column":39}},"7":{"start":{"line":8,"column":0},"end":{"line":8,"column":48}},"8":{"start":{"line":9,"column":0},"end":{"line":9,"column":0}},"9":{"start":{"line":10,"column":0},"end":{"line":10,"column":22}},"10":{"start":{"line":11,"column":0},"end":{"line":11,"column":3}},"11":{"start":{"line":12,"column":0},"end":{"line":12,"column":21}},"12":{"start":{"line":13,"column":0},"end":{"line":13,"column":4}},"13":{"start":{"line":14,"column":0},"end":{"line":14,"column":3}},"14":{"start":{"line":15,"column":0},"end":{"line":15,"column":20}},"15":{"start":{"line":16,"column":0},"end":{"line":16,"column":4}},"16":{"start":{"line":17,"column":0},"end":{"line":17,"column":2}},"17":{"start":{"line":18,"column":0},"end":{"line":18,"column":0}},"18":{"start":{"line":19,"column":0},"end":{"line":19,"column":21}},"19":{"start":{"line":20,"column":0},"end":{"line":20,"column":3}},"20":{"start":{"line":21,"column":0},"end":{"line":21,"column":18}},"21":{"start":{"line":22,"column":0},"end":{"line":22,"column":4}},"22":{"start":{"line":23,"column":0},"end":{"line":23,"column":3}},"23":{"start":{"line":24,"column":0},"end":{"line":24,"column":20}},"24":{"start":{"line":25,"column":0},"end":{"line":25,"column":4}},"25":{"start":{"line":26,"column":0},"end":{"line":26,"column":2}},"26":{"start":{"line":27,"column":0},"end":{"line":27,"column":0}},"27":{"start":{"line":28,"column":0},"end":{"line":28,"column":23}},"28":{"start":{"line":29,"column":0},"end":{"line":29,"column":3}},"29":{"start":{"line":30,"column":0},"end":{"line":30,"column":17}},"30":{"start":{"line":31,"column":0},"end":{"line":31,"column":4}},"31":{"start":{"line":32,"column":0},"end":{"line":32,"column":3}},"32":{"start":{"line":33,"column":0},"end":{"line":33,"column":16}},"33":{"start":{"line":34,"column":0},"end":{"line":34,"column":4}},"34":{"start":{"line":35,"column":0},"end":{"line":35,"column":2}},"35":{"start":{"line":36,"column":0},"end":{"line":36,"column":0}},"36":{"start":{"line":37,"column":0},"end":{"line":37,"column":19}},"37":{"start":{"line":38,"column":0},"end":{"line":38,"column":3}},"38":{"start":{"line":39,"column":0},"end":{"line":39,"column":23}},"39":{"start":{"line":40,"column":0},"end":{"line":40,"column":4}},"40":{"start":{"line":41,"column":0},"end":{"line":41,"column":3}},"41":{"start":{"line":42,"column":0},"end":{"line":42,"column":21}},"42":{"start":{"line":43,"column":0},"end":{"line":43,"column":4}},"43":{"start":{"line":44,"column":0},"end":{"line":44,"column":3}},"44":{"start":{"line":45,"column":0},"end":{"line":45,"column":19}},"45":{"start":{"line":46,"column":0},"end":{"line":46,"column":4}},"46":{"start":{"line":47,"column":0},"end":{"line":47,"column":2}},"47":{"start":{"line":48,"column":0},"end":{"line":48,"column":0}},"48":{"start":{"line":49,"column":0},"end":{"line":49,"column":22}},"49":{"start":{"line":50,"column":0},"end":{"line":50,"column":0}},"50":{"start":{"line":51,"column":0},"end":{"line":51,"column":41}},"51":{"start":{"line":52,"column":0},"end":{"line":52,"column":16}},"52":{"start":{"line":53,"column":0},"end":{"line":53,"column":30}},"53":{"start":{"line":54,"column":0},"end":{"line":54,"column":20}},"54":{"start":{"line":55,"column":0},"end":{"line":55,"column":20}},"55":{"start":{"line":56,"column":0},"end":{"line":56,"column":21}},"56":{"start":{"line":57,"column":0},"end":{"line":57,"column":19}},"57":{"start":{"line":58,"column":0},"end":{"line":58,"column":23}},"58":{"start":{"line":59,"column":0},"end":{"line":59,"column":22}},"59":{"start":{"line":60,"column":0},"end":{"line":60,"column":19}},"60":{"start":{"line":61,"column":0},"end":{"line":61,"column":36}},"61":{"start":{"line":62,"column":0},"end":{"line":62,"column":10}},"62":{"start":{"line":63,"column":0},"end":{"line":63,"column":17}},"63":{"start":{"line":64,"column":0},"end":{"line":64,"column":4}},"64":{"start":{"line":65,"column":0},"end":{"line":65,"column":66}},"65":{"start":{"line":66,"column":0},"end":{"line":66,"column":71}},"66":{"start":{"line":67,"column":0},"end":{"line":67,"column":74}},"67":{"start":{"line":68,"column":0},"end":{"line":68,"column":68}},"68":{"start":{"line":69,"column":0},"end":{"line":69,"column":30}},"69":{"start":{"line":70,"column":0},"end":{"line":70,"column":38}},"70":{"start":{"line":71,"column":0},"end":{"line":71,"column":31}},"71":{"start":{"line":72,"column":0},"end":{"line":72,"column":21}},"72":{"start":{"line":73,"column":0},"end":{"line":73,"column":40}},"73":{"start":{"line":74,"column":0},"end":{"line":74,"column":30}},"74":{"start":{"line":75,"column":0},"end":{"line":75,"column":21}},"75":{"start":{"line":76,"column":0},"end":{"line":76,"column":74}},"76":{"start":{"line":77,"column":0},"end":{"line":77,"column":32}},"77":{"start":{"line":78,"column":0},"end":{"line":78,"column":28}},"78":{"start":{"line":79,"column":0},"end":{"line":79,"column":28}},"79":{"start":{"line":80,"column":0},"end":{"line":80,"column":38}},"80":{"start":{"line":81,"column":0},"end":{"line":81,"column":44}},"81":{"start":{"line":82,"column":0},"end":{"line":82,"column":21}},"82":{"start":{"line":83,"column":0},"end":{"line":83,"column":37}},"83":{"start":{"line":84,"column":0},"end":{"line":84,"column":0}},"84":{"start":{"line":85,"column":0},"end":{"line":85,"column":29}},"85":{"start":{"line":86,"column":0},"end":{"line":86,"column":28}},"86":{"start":{"line":87,"column":0},"end":{"line":87,"column":4}},"87":{"start":{"line":88,"column":0},"end":{"line":88,"column":30}},"88":{"start":{"line":89,"column":0},"end":{"line":89,"column":29}},"89":{"start":{"line":90,"column":0},"end":{"line":90,"column":4}},"90":{"start":{"line":91,"column":0},"end":{"line":91,"column":32}},"91":{"start":{"line":92,"column":0},"end":{"line":92,"column":46}},"92":{"start":{"line":93,"column":0},"end":{"line":93,"column":4}},"93":{"start":{"line":94,"column":0},"end":{"line":94,"column":32}},"94":{"start":{"line":95,"column":0},"end":{"line":95,"column":59}},"95":{"start":{"line":96,"column":0},"end":{"line":96,"column":4}},"96":{"start":{"line":97,"column":0},"end":{"line":97,"column":33}},"97":{"start":{"line":98,"column":0},"end":{"line":98,"column":56}},"98":{"start":{"line":99,"column":0},"end":{"line":99,"column":4}},"99":{"start":{"line":100,"column":0},"end":{"line":100,"column":28}},"100":{"start":{"line":101,"column":0},"end":{"line":101,"column":27}},"101":{"start":{"line":102,"column":0},"end":{"line":102,"column":4}},"102":{"start":{"line":103,"column":0},"end":{"line":103,"column":29}},"103":{"start":{"line":104,"column":0},"end":{"line":104,"column":28}},"104":{"start":{"line":105,"column":0},"end":{"line":105,"column":4}},"105":{"start":{"line":106,"column":0},"end":{"line":106,"column":32}},"106":{"start":{"line":107,"column":0},"end":{"line":107,"column":55}},"107":{"start":{"line":108,"column":0},"end":{"line":108,"column":4}},"108":{"start":{"line":109,"column":0},"end":{"line":109,"column":31}},"109":{"start":{"line":110,"column":0},"end":{"line":110,"column":23}},"110":{"start":{"line":111,"column":0},"end":{"line":111,"column":0}},"111":{"start":{"line":112,"column":0},"end":{"line":112,"column":12}},"112":{"start":{"line":113,"column":0},"end":{"line":113,"column":59}},"113":{"start":{"line":114,"column":0},"end":{"line":114,"column":17}},"114":{"start":{"line":115,"column":0},"end":{"line":115,"column":15}},"115":{"start":{"line":116,"column":0},"end":{"line":116,"column":19}},"116":{"start":{"line":117,"column":0},"end":{"line":117,"column":23}},"117":{"start":{"line":118,"column":0},"end":{"line":118,"column":25}},"118":{"start":{"line":119,"column":0},"end":{"line":119,"column":15}},"119":{"start":{"line":120,"column":0},"end":{"line":120,"column":17}},"120":{"start":{"line":121,"column":0},"end":{"line":121,"column":36}},"121":{"start":{"line":122,"column":0},"end":{"line":122,"column":7}},"122":{"start":{"line":123,"column":0},"end":{"line":123,"column":0}},"123":{"start":{"line":124,"column":0},"end":{"line":124,"column":36}},"124":{"start":{"line":125,"column":0},"end":{"line":125,"column":4}},"125":{"start":{"line":126,"column":0},"end":{"line":126,"column":0}},"126":{"start":{"line":127,"column":0},"end":{"line":127,"column":31}},"127":{"start":{"line":128,"column":0},"end":{"line":128,"column":21}},"128":{"start":{"line":129,"column":0},"end":{"line":129,"column":21}},"129":{"start":{"line":130,"column":0},"end":{"line":130,"column":19}},"130":{"start":{"line":131,"column":0},"end":{"line":131,"column":16}},"131":{"start":{"line":132,"column":0},"end":{"line":132,"column":35}},"132":{"start":{"line":133,"column":0},"end":{"line":133,"column":43}},"133":{"start":{"line":134,"column":0},"end":{"line":134,"column":30}},"134":{"start":{"line":135,"column":0},"end":{"line":135,"column":8}},"135":{"start":{"line":136,"column":0},"end":{"line":136,"column":28}},"136":{"start":{"line":137,"column":0},"end":{"line":137,"column":61}},"137":{"start":{"line":138,"column":0},"end":{"line":138,"column":19}},"138":{"start":{"line":139,"column":0},"end":{"line":139,"column":17}},"139":{"start":{"line":140,"column":0},"end":{"line":140,"column":21}},"140":{"start":{"line":141,"column":0},"end":{"line":141,"column":25}},"141":{"start":{"line":142,"column":0},"end":{"line":142,"column":27}},"142":{"start":{"line":143,"column":0},"end":{"line":143,"column":17}},"143":{"start":{"line":144,"column":0},"end":{"line":144,"column":19}},"144":{"start":{"line":145,"column":0},"end":{"line":145,"column":38}},"145":{"start":{"line":146,"column":0},"end":{"line":146,"column":9}},"146":{"start":{"line":147,"column":0},"end":{"line":147,"column":6}},"147":{"start":{"line":148,"column":0},"end":{"line":148,"column":71}},"148":{"start":{"line":149,"column":0},"end":{"line":149,"column":39}},"149":{"start":{"line":150,"column":0},"end":{"line":150,"column":33}},"150":{"start":{"line":151,"column":0},"end":{"line":151,"column":31}},"151":{"start":{"line":152,"column":0},"end":{"line":152,"column":31}},"152":{"start":{"line":153,"column":0},"end":{"line":153,"column":12}},"153":{"start":{"line":154,"column":0},"end":{"line":154,"column":24}},"154":{"start":{"line":155,"column":0},"end":{"line":155,"column":5}},"155":{"start":{"line":156,"column":0},"end":{"line":156,"column":4}},"156":{"start":{"line":157,"column":0},"end":{"line":157,"column":0}},"157":{"start":{"line":158,"column":0},"end":{"line":158,"column":32}},"158":{"start":{"line":159,"column":0},"end":{"line":159,"column":20}},"159":{"start":{"line":160,"column":0},"end":{"line":160,"column":21}},"160":{"start":{"line":161,"column":0},"end":{"line":161,"column":20}},"161":{"start":{"line":162,"column":0},"end":{"line":162,"column":19}},"162":{"start":{"line":163,"column":0},"end":{"line":163,"column":16}},"163":{"start":{"line":164,"column":0},"end":{"line":164,"column":35}},"164":{"start":{"line":165,"column":0},"end":{"line":165,"column":43}},"165":{"start":{"line":166,"column":0},"end":{"line":166,"column":30}},"166":{"start":{"line":167,"column":0},"end":{"line":167,"column":8}},"167":{"start":{"line":168,"column":0},"end":{"line":168,"column":28}},"168":{"start":{"line":169,"column":0},"end":{"line":169,"column":15}},"169":{"start":{"line":170,"column":0},"end":{"line":170,"column":61}},"170":{"start":{"line":171,"column":0},"end":{"line":171,"column":19}},"171":{"start":{"line":172,"column":0},"end":{"line":172,"column":17}},"172":{"start":{"line":173,"column":0},"end":{"line":173,"column":21}},"173":{"start":{"line":174,"column":0},"end":{"line":174,"column":25}},"174":{"start":{"line":175,"column":0},"end":{"line":175,"column":27}},"175":{"start":{"line":176,"column":0},"end":{"line":176,"column":17}},"176":{"start":{"line":177,"column":0},"end":{"line":177,"column":19}},"177":{"start":{"line":178,"column":0},"end":{"line":178,"column":38}},"178":{"start":{"line":179,"column":0},"end":{"line":179,"column":9}},"179":{"start":{"line":180,"column":0},"end":{"line":180,"column":6}},"180":{"start":{"line":181,"column":0},"end":{"line":181,"column":77}},"181":{"start":{"line":182,"column":0},"end":{"line":182,"column":39}},"182":{"start":{"line":183,"column":0},"end":{"line":183,"column":33}},"183":{"start":{"line":184,"column":0},"end":{"line":184,"column":28}},"184":{"start":{"line":185,"column":0},"end":{"line":185,"column":31}},"185":{"start":{"line":186,"column":0},"end":{"line":186,"column":12}},"186":{"start":{"line":187,"column":0},"end":{"line":187,"column":24}},"187":{"start":{"line":188,"column":0},"end":{"line":188,"column":5}},"188":{"start":{"line":189,"column":0},"end":{"line":189,"column":4}},"189":{"start":{"line":190,"column":0},"end":{"line":190,"column":0}},"190":{"start":{"line":191,"column":0},"end":{"line":191,"column":10}},"191":{"start":{"line":192,"column":0},"end":{"line":192,"column":6}},"192":{"start":{"line":193,"column":0},"end":{"line":193,"column":17}},"193":{"start":{"line":194,"column":0},"end":{"line":194,"column":11}},"194":{"start":{"line":195,"column":0},"end":{"line":195,"column":18}},"195":{"start":{"line":196,"column":0},"end":{"line":196,"column":30}},"196":{"start":{"line":197,"column":0},"end":{"line":197,"column":31}},"197":{"start":{"line":198,"column":0},"end":{"line":198,"column":32}},"198":{"start":{"line":199,"column":0},"end":{"line":199,"column":39}},"199":{"start":{"line":200,"column":0},"end":{"line":200,"column":12}},"200":{"start":{"line":201,"column":0},"end":{"line":201,"column":9}},"201":{"start":{"line":202,"column":0},"end":{"line":202,"column":35}},"202":{"start":{"line":203,"column":0},"end":{"line":203,"column":13}},"203":{"start":{"line":204,"column":0},"end":{"line":204,"column":15}},"204":{"start":{"line":205,"column":0},"end":{"line":205,"column":11}},"205":{"start":{"line":206,"column":0},"end":{"line":206,"column":16}},"206":{"start":{"line":207,"column":0},"end":{"line":207,"column":26}},"207":{"start":{"line":208,"column":0},"end":{"line":208,"column":23}},"208":{"start":{"line":209,"column":0},"end":{"line":209,"column":31}},"209":{"start":{"line":210,"column":0},"end":{"line":210,"column":35}},"210":{"start":{"line":211,"column":0},"end":{"line":211,"column":51}},"211":{"start":{"line":212,"column":0},"end":{"line":212,"column":62}},"212":{"start":{"line":213,"column":0},"end":{"line":213,"column":10}},"213":{"start":{"line":214,"column":0},"end":{"line":214,"column":7}},"214":{"start":{"line":215,"column":0},"end":{"line":215,"column":19}},"215":{"start":{"line":216,"column":0},"end":{"line":216,"column":12}},"216":{"start":{"line":217,"column":0},"end":{"line":217,"column":16}},"217":{"start":{"line":218,"column":0},"end":{"line":218,"column":22}},"218":{"start":{"line":219,"column":0},"end":{"line":219,"column":32}},"219":{"start":{"line":220,"column":0},"end":{"line":220,"column":40}},"220":{"start":{"line":221,"column":0},"end":{"line":221,"column":29}},"221":{"start":{"line":222,"column":0},"end":{"line":222,"column":41}},"222":{"start":{"line":223,"column":0},"end":{"line":223,"column":37}},"223":{"start":{"line":224,"column":0},"end":{"line":224,"column":16}},"224":{"start":{"line":225,"column":0},"end":{"line":225,"column":13}},"225":{"start":{"line":226,"column":0},"end":{"line":226,"column":24}},"226":{"start":{"line":227,"column":0},"end":{"line":227,"column":32}},"227":{"start":{"line":228,"column":0},"end":{"line":228,"column":28}},"228":{"start":{"line":229,"column":0},"end":{"line":229,"column":37}},"229":{"start":{"line":230,"column":0},"end":{"line":230,"column":28}},"230":{"start":{"line":231,"column":0},"end":{"line":231,"column":33}},"231":{"start":{"line":232,"column":0},"end":{"line":232,"column":21}},"232":{"start":{"line":233,"column":0},"end":{"line":233,"column":48}},"233":{"start":{"line":234,"column":0},"end":{"line":234,"column":38}},"234":{"start":{"line":235,"column":0},"end":{"line":235,"column":31}},"235":{"start":{"line":236,"column":0},"end":{"line":236,"column":54}},"236":{"start":{"line":237,"column":0},"end":{"line":237,"column":18}},"237":{"start":{"line":238,"column":0},"end":{"line":238,"column":16}},"238":{"start":{"line":239,"column":0},"end":{"line":239,"column":24}},"239":{"start":{"line":240,"column":0},"end":{"line":240,"column":32}},"240":{"start":{"line":241,"column":0},"end":{"line":241,"column":29}},"241":{"start":{"line":242,"column":0},"end":{"line":242,"column":38}},"242":{"start":{"line":243,"column":0},"end":{"line":243,"column":29}},"243":{"start":{"line":244,"column":0},"end":{"line":244,"column":33}},"244":{"start":{"line":245,"column":0},"end":{"line":245,"column":21}},"245":{"start":{"line":246,"column":0},"end":{"line":246,"column":48}},"246":{"start":{"line":247,"column":0},"end":{"line":247,"column":38}},"247":{"start":{"line":248,"column":0},"end":{"line":248,"column":31}},"248":{"start":{"line":249,"column":0},"end":{"line":249,"column":36}},"249":{"start":{"line":250,"column":0},"end":{"line":250,"column":18}},"250":{"start":{"line":251,"column":0},"end":{"line":251,"column":16}},"251":{"start":{"line":252,"column":0},"end":{"line":252,"column":65}},"252":{"start":{"line":253,"column":0},"end":{"line":253,"column":27}},"253":{"start":{"line":254,"column":0},"end":{"line":254,"column":39}},"254":{"start":{"line":255,"column":0},"end":{"line":255,"column":70}},"255":{"start":{"line":256,"column":0},"end":{"line":256,"column":56}},"256":{"start":{"line":257,"column":0},"end":{"line":257,"column":37}},"257":{"start":{"line":258,"column":0},"end":{"line":258,"column":30}},"258":{"start":{"line":259,"column":0},"end":{"line":259,"column":32}},"259":{"start":{"line":260,"column":0},"end":{"line":260,"column":40}},"260":{"start":{"line":261,"column":0},"end":{"line":261,"column":41}},"261":{"start":{"line":262,"column":0},"end":{"line":262,"column":30}},"262":{"start":{"line":263,"column":0},"end":{"line":263,"column":54}},"263":{"start":{"line":264,"column":0},"end":{"line":264,"column":44}},"264":{"start":{"line":265,"column":0},"end":{"line":265,"column":37}},"265":{"start":{"line":266,"column":0},"end":{"line":266,"column":42}},"266":{"start":{"line":267,"column":0},"end":{"line":267,"column":24}},"267":{"start":{"line":268,"column":0},"end":{"line":268,"column":22}},"268":{"start":{"line":269,"column":0},"end":{"line":269,"column":20}},"269":{"start":{"line":270,"column":0},"end":{"line":270,"column":18}},"270":{"start":{"line":271,"column":0},"end":{"line":271,"column":37}},"271":{"start":{"line":272,"column":0},"end":{"line":272,"column":24}},"272":{"start":{"line":273,"column":0},"end":{"line":273,"column":32}},"273":{"start":{"line":274,"column":0},"end":{"line":274,"column":38}},"274":{"start":{"line":275,"column":0},"end":{"line":275,"column":40}},"275":{"start":{"line":276,"column":0},"end":{"line":276,"column":22}},"276":{"start":{"line":277,"column":0},"end":{"line":277,"column":30}},"277":{"start":{"line":278,"column":0},"end":{"line":278,"column":24}},"278":{"start":{"line":279,"column":0},"end":{"line":279,"column":46}},"279":{"start":{"line":280,"column":0},"end":{"line":280,"column":33}},"280":{"start":{"line":281,"column":0},"end":{"line":281,"column":32}},"281":{"start":{"line":282,"column":0},"end":{"line":282,"column":30}},"282":{"start":{"line":283,"column":0},"end":{"line":283,"column":17}},"283":{"start":{"line":284,"column":0},"end":{"line":284,"column":33}},"284":{"start":{"line":285,"column":0},"end":{"line":285,"column":21}},"285":{"start":{"line":286,"column":0},"end":{"line":286,"column":48}},"286":{"start":{"line":287,"column":0},"end":{"line":287,"column":38}},"287":{"start":{"line":288,"column":0},"end":{"line":288,"column":36}},"288":{"start":{"line":289,"column":0},"end":{"line":289,"column":31}},"289":{"start":{"line":290,"column":0},"end":{"line":290,"column":54}},"290":{"start":{"line":291,"column":0},"end":{"line":291,"column":18}},"291":{"start":{"line":292,"column":0},"end":{"line":292,"column":15}},"292":{"start":{"line":293,"column":0},"end":{"line":293,"column":47}},"293":{"start":{"line":294,"column":0},"end":{"line":294,"column":68}},"294":{"start":{"line":295,"column":0},"end":{"line":295,"column":34}},"295":{"start":{"line":296,"column":0},"end":{"line":296,"column":29}},"296":{"start":{"line":297,"column":0},"end":{"line":297,"column":19}},"297":{"start":{"line":298,"column":0},"end":{"line":298,"column":26}},"298":{"start":{"line":299,"column":0},"end":{"line":299,"column":18}},"299":{"start":{"line":300,"column":0},"end":{"line":300,"column":16}},"300":{"start":{"line":301,"column":0},"end":{"line":301,"column":22}},"301":{"start":{"line":302,"column":0},"end":{"line":302,"column":32}},"302":{"start":{"line":303,"column":0},"end":{"line":303,"column":40}},"303":{"start":{"line":304,"column":0},"end":{"line":304,"column":29}},"304":{"start":{"line":305,"column":0},"end":{"line":305,"column":41}},"305":{"start":{"line":306,"column":0},"end":{"line":306,"column":37}},"306":{"start":{"line":307,"column":0},"end":{"line":307,"column":16}},"307":{"start":{"line":308,"column":0},"end":{"line":308,"column":13}},"308":{"start":{"line":309,"column":0},"end":{"line":309,"column":24}},"309":{"start":{"line":310,"column":0},"end":{"line":310,"column":32}},"310":{"start":{"line":311,"column":0},"end":{"line":311,"column":32}},"311":{"start":{"line":312,"column":0},"end":{"line":312,"column":41}},"312":{"start":{"line":313,"column":0},"end":{"line":313,"column":22}},"313":{"start":{"line":314,"column":0},"end":{"line":314,"column":30}},"314":{"start":{"line":315,"column":0},"end":{"line":315,"column":76}},"315":{"start":{"line":316,"column":0},"end":{"line":316,"column":17}},"316":{"start":{"line":317,"column":0},"end":{"line":317,"column":33}},"317":{"start":{"line":318,"column":0},"end":{"line":318,"column":21}},"318":{"start":{"line":319,"column":0},"end":{"line":319,"column":48}},"319":{"start":{"line":320,"column":0},"end":{"line":320,"column":38}},"320":{"start":{"line":321,"column":0},"end":{"line":321,"column":36}},"321":{"start":{"line":322,"column":0},"end":{"line":322,"column":31}},"322":{"start":{"line":323,"column":0},"end":{"line":323,"column":18}},"323":{"start":{"line":324,"column":0},"end":{"line":324,"column":15}},"324":{"start":{"line":325,"column":0},"end":{"line":325,"column":48}},"325":{"start":{"line":326,"column":0},"end":{"line":326,"column":27}},"326":{"start":{"line":327,"column":0},"end":{"line":327,"column":38}},"327":{"start":{"line":328,"column":0},"end":{"line":328,"column":40}},"328":{"start":{"line":329,"column":0},"end":{"line":329,"column":45}},"329":{"start":{"line":330,"column":0},"end":{"line":330,"column":19}},"330":{"start":{"line":331,"column":0},"end":{"line":331,"column":34}},"331":{"start":{"line":332,"column":0},"end":{"line":332,"column":29}},"332":{"start":{"line":333,"column":0},"end":{"line":333,"column":19}},"333":{"start":{"line":334,"column":0},"end":{"line":334,"column":26}},"334":{"start":{"line":335,"column":0},"end":{"line":335,"column":24}},"335":{"start":{"line":336,"column":0},"end":{"line":336,"column":32}},"336":{"start":{"line":337,"column":0},"end":{"line":337,"column":27}},"337":{"start":{"line":338,"column":0},"end":{"line":338,"column":36}},"338":{"start":{"line":339,"column":0},"end":{"line":339,"column":27}},"339":{"start":{"line":340,"column":0},"end":{"line":340,"column":22}},"340":{"start":{"line":341,"column":0},"end":{"line":341,"column":35}},"341":{"start":{"line":342,"column":0},"end":{"line":342,"column":33}},"342":{"start":{"line":343,"column":0},"end":{"line":343,"column":21}},"343":{"start":{"line":344,"column":0},"end":{"line":344,"column":48}},"344":{"start":{"line":345,"column":0},"end":{"line":345,"column":38}},"345":{"start":{"line":346,"column":0},"end":{"line":346,"column":36}},"346":{"start":{"line":347,"column":0},"end":{"line":347,"column":31}},"347":{"start":{"line":348,"column":0},"end":{"line":348,"column":18}},"348":{"start":{"line":349,"column":0},"end":{"line":349,"column":15}},"349":{"start":{"line":350,"column":0},"end":{"line":350,"column":46}},"350":{"start":{"line":351,"column":0},"end":{"line":351,"column":68}},"351":{"start":{"line":352,"column":0},"end":{"line":352,"column":34}},"352":{"start":{"line":353,"column":0},"end":{"line":353,"column":29}},"353":{"start":{"line":354,"column":0},"end":{"line":354,"column":19}},"354":{"start":{"line":355,"column":0},"end":{"line":355,"column":26}},"355":{"start":{"line":356,"column":0},"end":{"line":356,"column":24}},"356":{"start":{"line":357,"column":0},"end":{"line":357,"column":32}},"357":{"start":{"line":358,"column":0},"end":{"line":358,"column":28}},"358":{"start":{"line":359,"column":0},"end":{"line":359,"column":37}},"359":{"start":{"line":360,"column":0},"end":{"line":360,"column":28}},"360":{"start":{"line":361,"column":0},"end":{"line":361,"column":22}},"361":{"start":{"line":362,"column":0},"end":{"line":362,"column":40}},"362":{"start":{"line":363,"column":0},"end":{"line":363,"column":33}},"363":{"start":{"line":364,"column":0},"end":{"line":364,"column":21}},"364":{"start":{"line":365,"column":0},"end":{"line":365,"column":48}},"365":{"start":{"line":366,"column":0},"end":{"line":366,"column":38}},"366":{"start":{"line":367,"column":0},"end":{"line":367,"column":36}},"367":{"start":{"line":368,"column":0},"end":{"line":368,"column":31}},"368":{"start":{"line":369,"column":0},"end":{"line":369,"column":18}},"369":{"start":{"line":370,"column":0},"end":{"line":370,"column":15}},"370":{"start":{"line":371,"column":0},"end":{"line":371,"column":44}},"371":{"start":{"line":372,"column":0},"end":{"line":372,"column":68}},"372":{"start":{"line":373,"column":0},"end":{"line":373,"column":34}},"373":{"start":{"line":374,"column":0},"end":{"line":374,"column":29}},"374":{"start":{"line":375,"column":0},"end":{"line":375,"column":19}},"375":{"start":{"line":376,"column":0},"end":{"line":376,"column":26}},"376":{"start":{"line":377,"column":0},"end":{"line":377,"column":24}},"377":{"start":{"line":378,"column":0},"end":{"line":378,"column":32}},"378":{"start":{"line":379,"column":0},"end":{"line":379,"column":47}},"379":{"start":{"line":380,"column":0},"end":{"line":380,"column":40}},"380":{"start":{"line":381,"column":0},"end":{"line":381,"column":22}},"381":{"start":{"line":382,"column":0},"end":{"line":382,"column":30}},"382":{"start":{"line":383,"column":0},"end":{"line":383,"column":24}},"383":{"start":{"line":384,"column":0},"end":{"line":384,"column":59}},"384":{"start":{"line":385,"column":0},"end":{"line":385,"column":29}},"385":{"start":{"line":386,"column":0},"end":{"line":386,"column":28}},"386":{"start":{"line":387,"column":0},"end":{"line":387,"column":27}},"387":{"start":{"line":388,"column":0},"end":{"line":388,"column":17}},"388":{"start":{"line":389,"column":0},"end":{"line":389,"column":33}},"389":{"start":{"line":390,"column":0},"end":{"line":390,"column":21}},"390":{"start":{"line":391,"column":0},"end":{"line":391,"column":48}},"391":{"start":{"line":392,"column":0},"end":{"line":392,"column":38}},"392":{"start":{"line":393,"column":0},"end":{"line":393,"column":36}},"393":{"start":{"line":394,"column":0},"end":{"line":394,"column":31}},"394":{"start":{"line":395,"column":0},"end":{"line":395,"column":54}},"395":{"start":{"line":396,"column":0},"end":{"line":396,"column":18}},"396":{"start":{"line":397,"column":0},"end":{"line":397,"column":15}},"397":{"start":{"line":398,"column":0},"end":{"line":398,"column":48}},"398":{"start":{"line":399,"column":0},"end":{"line":399,"column":68}},"399":{"start":{"line":400,"column":0},"end":{"line":400,"column":34}},"400":{"start":{"line":401,"column":0},"end":{"line":401,"column":29}},"401":{"start":{"line":402,"column":0},"end":{"line":402,"column":19}},"402":{"start":{"line":403,"column":0},"end":{"line":403,"column":26}},"403":{"start":{"line":404,"column":0},"end":{"line":404,"column":18}},"404":{"start":{"line":405,"column":0},"end":{"line":405,"column":13}},"405":{"start":{"line":406,"column":0},"end":{"line":406,"column":13}},"406":{"start":{"line":407,"column":0},"end":{"line":407,"column":12}},"407":{"start":{"line":408,"column":0},"end":{"line":408,"column":22}},"408":{"start":{"line":409,"column":0},"end":{"line":409,"column":30}},"409":{"start":{"line":410,"column":0},"end":{"line":410,"column":26}},"410":{"start":{"line":411,"column":0},"end":{"line":411,"column":35}},"411":{"start":{"line":412,"column":0},"end":{"line":412,"column":26}},"412":{"start":{"line":413,"column":0},"end":{"line":413,"column":31}},"413":{"start":{"line":414,"column":0},"end":{"line":414,"column":19}},"414":{"start":{"line":415,"column":0},"end":{"line":415,"column":46}},"415":{"start":{"line":416,"column":0},"end":{"line":416,"column":36}},"416":{"start":{"line":417,"column":0},"end":{"line":417,"column":29}},"417":{"start":{"line":418,"column":0},"end":{"line":418,"column":34}},"418":{"start":{"line":419,"column":0},"end":{"line":419,"column":16}},"419":{"start":{"line":420,"column":0},"end":{"line":420,"column":14}},"420":{"start":{"line":421,"column":0},"end":{"line":421,"column":22}},"421":{"start":{"line":422,"column":0},"end":{"line":422,"column":30}},"422":{"start":{"line":423,"column":0},"end":{"line":423,"column":27}},"423":{"start":{"line":424,"column":0},"end":{"line":424,"column":36}},"424":{"start":{"line":425,"column":0},"end":{"line":425,"column":27}},"425":{"start":{"line":426,"column":0},"end":{"line":426,"column":31}},"426":{"start":{"line":427,"column":0},"end":{"line":427,"column":19}},"427":{"start":{"line":428,"column":0},"end":{"line":428,"column":46}},"428":{"start":{"line":429,"column":0},"end":{"line":429,"column":36}},"429":{"start":{"line":430,"column":0},"end":{"line":430,"column":29}},"430":{"start":{"line":431,"column":0},"end":{"line":431,"column":34}},"431":{"start":{"line":432,"column":0},"end":{"line":432,"column":16}},"432":{"start":{"line":433,"column":0},"end":{"line":433,"column":14}},"433":{"start":{"line":434,"column":0},"end":{"line":434,"column":0}},"434":{"start":{"line":435,"column":0},"end":{"line":435,"column":63}},"435":{"start":{"line":436,"column":0},"end":{"line":436,"column":25}},"436":{"start":{"line":437,"column":0},"end":{"line":437,"column":37}},"437":{"start":{"line":438,"column":0},"end":{"line":438,"column":68}},"438":{"start":{"line":439,"column":0},"end":{"line":439,"column":54}},"439":{"start":{"line":440,"column":0},"end":{"line":440,"column":35}},"440":{"start":{"line":441,"column":0},"end":{"line":441,"column":28}},"441":{"start":{"line":442,"column":0},"end":{"line":442,"column":30}},"442":{"start":{"line":443,"column":0},"end":{"line":443,"column":38}},"443":{"start":{"line":444,"column":0},"end":{"line":444,"column":39}},"444":{"start":{"line":445,"column":0},"end":{"line":445,"column":28}},"445":{"start":{"line":446,"column":0},"end":{"line":446,"column":52}},"446":{"start":{"line":447,"column":0},"end":{"line":447,"column":42}},"447":{"start":{"line":448,"column":0},"end":{"line":448,"column":35}},"448":{"start":{"line":449,"column":0},"end":{"line":449,"column":40}},"449":{"start":{"line":450,"column":0},"end":{"line":450,"column":22}},"450":{"start":{"line":451,"column":0},"end":{"line":451,"column":20}},"451":{"start":{"line":452,"column":0},"end":{"line":452,"column":18}},"452":{"start":{"line":453,"column":0},"end":{"line":453,"column":16}},"453":{"start":{"line":454,"column":0},"end":{"line":454,"column":35}},"454":{"start":{"line":455,"column":0},"end":{"line":455,"column":22}},"455":{"start":{"line":456,"column":0},"end":{"line":456,"column":30}},"456":{"start":{"line":457,"column":0},"end":{"line":457,"column":36}},"457":{"start":{"line":458,"column":0},"end":{"line":458,"column":38}},"458":{"start":{"line":459,"column":0},"end":{"line":459,"column":20}},"459":{"start":{"line":460,"column":0},"end":{"line":460,"column":28}},"460":{"start":{"line":461,"column":0},"end":{"line":461,"column":22}},"461":{"start":{"line":462,"column":0},"end":{"line":462,"column":44}},"462":{"start":{"line":463,"column":0},"end":{"line":463,"column":31}},"463":{"start":{"line":464,"column":0},"end":{"line":464,"column":30}},"464":{"start":{"line":465,"column":0},"end":{"line":465,"column":28}},"465":{"start":{"line":466,"column":0},"end":{"line":466,"column":15}},"466":{"start":{"line":467,"column":0},"end":{"line":467,"column":31}},"467":{"start":{"line":468,"column":0},"end":{"line":468,"column":19}},"468":{"start":{"line":469,"column":0},"end":{"line":469,"column":46}},"469":{"start":{"line":470,"column":0},"end":{"line":470,"column":36}},"470":{"start":{"line":471,"column":0},"end":{"line":471,"column":34}},"471":{"start":{"line":472,"column":0},"end":{"line":472,"column":29}},"472":{"start":{"line":473,"column":0},"end":{"line":473,"column":16}},"473":{"start":{"line":474,"column":0},"end":{"line":474,"column":13}},"474":{"start":{"line":475,"column":0},"end":{"line":475,"column":45}},"475":{"start":{"line":476,"column":0},"end":{"line":476,"column":66}},"476":{"start":{"line":477,"column":0},"end":{"line":477,"column":32}},"477":{"start":{"line":478,"column":0},"end":{"line":478,"column":27}},"478":{"start":{"line":479,"column":0},"end":{"line":479,"column":17}},"479":{"start":{"line":480,"column":0},"end":{"line":480,"column":24}},"480":{"start":{"line":481,"column":0},"end":{"line":481,"column":22}},"481":{"start":{"line":482,"column":0},"end":{"line":482,"column":30}},"482":{"start":{"line":483,"column":0},"end":{"line":483,"column":30}},"483":{"start":{"line":484,"column":0},"end":{"line":484,"column":39}},"484":{"start":{"line":485,"column":0},"end":{"line":485,"column":20}},"485":{"start":{"line":486,"column":0},"end":{"line":486,"column":28}},"486":{"start":{"line":487,"column":0},"end":{"line":487,"column":74}},"487":{"start":{"line":488,"column":0},"end":{"line":488,"column":15}},"488":{"start":{"line":489,"column":0},"end":{"line":489,"column":31}},"489":{"start":{"line":490,"column":0},"end":{"line":490,"column":19}},"490":{"start":{"line":491,"column":0},"end":{"line":491,"column":46}},"491":{"start":{"line":492,"column":0},"end":{"line":492,"column":36}},"492":{"start":{"line":493,"column":0},"end":{"line":493,"column":34}},"493":{"start":{"line":494,"column":0},"end":{"line":494,"column":29}},"494":{"start":{"line":495,"column":0},"end":{"line":495,"column":16}},"495":{"start":{"line":496,"column":0},"end":{"line":496,"column":13}},"496":{"start":{"line":497,"column":0},"end":{"line":497,"column":46}},"497":{"start":{"line":498,"column":0},"end":{"line":498,"column":25}},"498":{"start":{"line":499,"column":0},"end":{"line":499,"column":36}},"499":{"start":{"line":500,"column":0},"end":{"line":500,"column":38}},"500":{"start":{"line":501,"column":0},"end":{"line":501,"column":43}},"501":{"start":{"line":502,"column":0},"end":{"line":502,"column":17}},"502":{"start":{"line":503,"column":0},"end":{"line":503,"column":32}},"503":{"start":{"line":504,"column":0},"end":{"line":504,"column":27}},"504":{"start":{"line":505,"column":0},"end":{"line":505,"column":17}},"505":{"start":{"line":506,"column":0},"end":{"line":506,"column":24}},"506":{"start":{"line":507,"column":0},"end":{"line":507,"column":22}},"507":{"start":{"line":508,"column":0},"end":{"line":508,"column":30}},"508":{"start":{"line":509,"column":0},"end":{"line":509,"column":25}},"509":{"start":{"line":510,"column":0},"end":{"line":510,"column":34}},"510":{"start":{"line":511,"column":0},"end":{"line":511,"column":25}},"511":{"start":{"line":512,"column":0},"end":{"line":512,"column":20}},"512":{"start":{"line":513,"column":0},"end":{"line":513,"column":33}},"513":{"start":{"line":514,"column":0},"end":{"line":514,"column":31}},"514":{"start":{"line":515,"column":0},"end":{"line":515,"column":19}},"515":{"start":{"line":516,"column":0},"end":{"line":516,"column":46}},"516":{"start":{"line":517,"column":0},"end":{"line":517,"column":36}},"517":{"start":{"line":518,"column":0},"end":{"line":518,"column":34}},"518":{"start":{"line":519,"column":0},"end":{"line":519,"column":29}},"519":{"start":{"line":520,"column":0},"end":{"line":520,"column":16}},"520":{"start":{"line":521,"column":0},"end":{"line":521,"column":13}},"521":{"start":{"line":522,"column":0},"end":{"line":522,"column":44}},"522":{"start":{"line":523,"column":0},"end":{"line":523,"column":66}},"523":{"start":{"line":524,"column":0},"end":{"line":524,"column":32}},"524":{"start":{"line":525,"column":0},"end":{"line":525,"column":27}},"525":{"start":{"line":526,"column":0},"end":{"line":526,"column":17}},"526":{"start":{"line":527,"column":0},"end":{"line":527,"column":24}},"527":{"start":{"line":528,"column":0},"end":{"line":528,"column":22}},"528":{"start":{"line":529,"column":0},"end":{"line":529,"column":30}},"529":{"start":{"line":530,"column":0},"end":{"line":530,"column":26}},"530":{"start":{"line":531,"column":0},"end":{"line":531,"column":35}},"531":{"start":{"line":532,"column":0},"end":{"line":532,"column":26}},"532":{"start":{"line":533,"column":0},"end":{"line":533,"column":20}},"533":{"start":{"line":534,"column":0},"end":{"line":534,"column":38}},"534":{"start":{"line":535,"column":0},"end":{"line":535,"column":31}},"535":{"start":{"line":536,"column":0},"end":{"line":536,"column":19}},"536":{"start":{"line":537,"column":0},"end":{"line":537,"column":46}},"537":{"start":{"line":538,"column":0},"end":{"line":538,"column":36}},"538":{"start":{"line":539,"column":0},"end":{"line":539,"column":34}},"539":{"start":{"line":540,"column":0},"end":{"line":540,"column":29}},"540":{"start":{"line":541,"column":0},"end":{"line":541,"column":16}},"541":{"start":{"line":542,"column":0},"end":{"line":542,"column":13}},"542":{"start":{"line":543,"column":0},"end":{"line":543,"column":42}},"543":{"start":{"line":544,"column":0},"end":{"line":544,"column":66}},"544":{"start":{"line":545,"column":0},"end":{"line":545,"column":32}},"545":{"start":{"line":546,"column":0},"end":{"line":546,"column":27}},"546":{"start":{"line":547,"column":0},"end":{"line":547,"column":17}},"547":{"start":{"line":548,"column":0},"end":{"line":548,"column":24}},"548":{"start":{"line":549,"column":0},"end":{"line":549,"column":22}},"549":{"start":{"line":550,"column":0},"end":{"line":550,"column":30}},"550":{"start":{"line":551,"column":0},"end":{"line":551,"column":45}},"551":{"start":{"line":552,"column":0},"end":{"line":552,"column":38}},"552":{"start":{"line":553,"column":0},"end":{"line":553,"column":20}},"553":{"start":{"line":554,"column":0},"end":{"line":554,"column":28}},"554":{"start":{"line":555,"column":0},"end":{"line":555,"column":22}},"555":{"start":{"line":556,"column":0},"end":{"line":556,"column":57}},"556":{"start":{"line":557,"column":0},"end":{"line":557,"column":27}},"557":{"start":{"line":558,"column":0},"end":{"line":558,"column":26}},"558":{"start":{"line":559,"column":0},"end":{"line":559,"column":25}},"559":{"start":{"line":560,"column":0},"end":{"line":560,"column":15}},"560":{"start":{"line":561,"column":0},"end":{"line":561,"column":31}},"561":{"start":{"line":562,"column":0},"end":{"line":562,"column":19}},"562":{"start":{"line":563,"column":0},"end":{"line":563,"column":46}},"563":{"start":{"line":564,"column":0},"end":{"line":564,"column":36}},"564":{"start":{"line":565,"column":0},"end":{"line":565,"column":34}},"565":{"start":{"line":566,"column":0},"end":{"line":566,"column":29}},"566":{"start":{"line":567,"column":0},"end":{"line":567,"column":16}},"567":{"start":{"line":568,"column":0},"end":{"line":568,"column":13}},"568":{"start":{"line":569,"column":0},"end":{"line":569,"column":46}},"569":{"start":{"line":570,"column":0},"end":{"line":570,"column":66}},"570":{"start":{"line":571,"column":0},"end":{"line":571,"column":32}},"571":{"start":{"line":572,"column":0},"end":{"line":572,"column":27}},"572":{"start":{"line":573,"column":0},"end":{"line":573,"column":17}},"573":{"start":{"line":574,"column":0},"end":{"line":574,"column":24}},"574":{"start":{"line":575,"column":0},"end":{"line":575,"column":0}},"575":{"start":{"line":576,"column":0},"end":{"line":576,"column":30}},"576":{"start":{"line":577,"column":0},"end":{"line":577,"column":21}},"577":{"start":{"line":578,"column":0},"end":{"line":578,"column":35}},"578":{"start":{"line":579,"column":0},"end":{"line":579,"column":38}},"579":{"start":{"line":580,"column":0},"end":{"line":580,"column":21}},"580":{"start":{"line":581,"column":0},"end":{"line":581,"column":24}},"581":{"start":{"line":582,"column":0},"end":{"line":582,"column":27}},"582":{"start":{"line":583,"column":0},"end":{"line":583,"column":24}},"583":{"start":{"line":584,"column":0},"end":{"line":584,"column":26}},"584":{"start":{"line":585,"column":0},"end":{"line":585,"column":37}},"585":{"start":{"line":586,"column":0},"end":{"line":586,"column":46}},"586":{"start":{"line":587,"column":0},"end":{"line":587,"column":34}},"587":{"start":{"line":588,"column":0},"end":{"line":588,"column":41}},"588":{"start":{"line":589,"column":0},"end":{"line":589,"column":32}},"589":{"start":{"line":590,"column":0},"end":{"line":590,"column":45}},"590":{"start":{"line":591,"column":0},"end":{"line":591,"column":31}},"591":{"start":{"line":592,"column":0},"end":{"line":592,"column":47}},"592":{"start":{"line":593,"column":0},"end":{"line":593,"column":20}},"593":{"start":{"line":594,"column":0},"end":{"line":594,"column":31}},"594":{"start":{"line":595,"column":0},"end":{"line":595,"column":47}},"595":{"start":{"line":596,"column":0},"end":{"line":596,"column":20}},"596":{"start":{"line":597,"column":0},"end":{"line":597,"column":18}},"597":{"start":{"line":598,"column":0},"end":{"line":598,"column":15}},"598":{"start":{"line":599,"column":0},"end":{"line":599,"column":46}},"599":{"start":{"line":600,"column":0},"end":{"line":600,"column":23}},"600":{"start":{"line":601,"column":0},"end":{"line":601,"column":14}},"601":{"start":{"line":602,"column":0},"end":{"line":602,"column":13}},"602":{"start":{"line":603,"column":0},"end":{"line":603,"column":10}},"603":{"start":{"line":604,"column":0},"end":{"line":604,"column":13}},"604":{"start":{"line":605,"column":0},"end":{"line":605,"column":17}},"605":{"start":{"line":606,"column":0},"end":{"line":606,"column":12}},"606":{"start":{"line":607,"column":0},"end":{"line":607,"column":18}},"607":{"start":{"line":608,"column":0},"end":{"line":608,"column":28}},"608":{"start":{"line":609,"column":0},"end":{"line":609,"column":33}},"609":{"start":{"line":610,"column":0},"end":{"line":610,"column":37}},"610":{"start":{"line":611,"column":0},"end":{"line":611,"column":39}},"611":{"start":{"line":612,"column":0},"end":{"line":612,"column":12}},"612":{"start":{"line":613,"column":0},"end":{"line":613,"column":9}},"613":{"start":{"line":614,"column":0},"end":{"line":614,"column":17}},"614":{"start":{"line":615,"column":0},"end":{"line":615,"column":31}},"615":{"start":{"line":616,"column":0},"end":{"line":616,"column":34}},"616":{"start":{"line":617,"column":0},"end":{"line":617,"column":17}},"617":{"start":{"line":618,"column":0},"end":{"line":618,"column":20}},"618":{"start":{"line":619,"column":0},"end":{"line":619,"column":23}},"619":{"start":{"line":620,"column":0},"end":{"line":620,"column":20}},"620":{"start":{"line":621,"column":0},"end":{"line":621,"column":22}},"621":{"start":{"line":622,"column":0},"end":{"line":622,"column":33}},"622":{"start":{"line":623,"column":0},"end":{"line":623,"column":42}},"623":{"start":{"line":624,"column":0},"end":{"line":624,"column":30}},"624":{"start":{"line":625,"column":0},"end":{"line":625,"column":37}},"625":{"start":{"line":626,"column":0},"end":{"line":626,"column":28}},"626":{"start":{"line":627,"column":0},"end":{"line":627,"column":41}},"627":{"start":{"line":628,"column":0},"end":{"line":628,"column":27}},"628":{"start":{"line":629,"column":0},"end":{"line":629,"column":43}},"629":{"start":{"line":630,"column":0},"end":{"line":630,"column":16}},"630":{"start":{"line":631,"column":0},"end":{"line":631,"column":27}},"631":{"start":{"line":632,"column":0},"end":{"line":632,"column":43}},"632":{"start":{"line":633,"column":0},"end":{"line":633,"column":16}},"633":{"start":{"line":634,"column":0},"end":{"line":634,"column":14}},"634":{"start":{"line":635,"column":0},"end":{"line":635,"column":11}},"635":{"start":{"line":636,"column":0},"end":{"line":636,"column":42}},"636":{"start":{"line":637,"column":0},"end":{"line":637,"column":19}},"637":{"start":{"line":638,"column":0},"end":{"line":638,"column":14}},"638":{"start":{"line":639,"column":0},"end":{"line":639,"column":15}},"639":{"start":{"line":640,"column":0},"end":{"line":640,"column":7}},"640":{"start":{"line":641,"column":0},"end":{"line":641,"column":4}},"641":{"start":{"line":642,"column":0},"end":{"line":642,"column":1}}},"s":{"0":1,"1":1,"2":1,"3":1,"4":1,"5":1,"6":1,"7":1,"8":1,"9":1,"10":1,"11":1,"12":1,"13":1,"14":1,"15":1,"16":1,"17":1,"18":1,"19":1,"20":1,"21":1,"22":1,"23":1,"24":1,"25":1,"26":1,"27":1,"28":1,"29":1,"30":1,"31":1,"32":1,"33":1,"34":1,"35":1,"36":1,"37":1,"38":1,"39":1,"40":1,"41":1,"42":1,"43":1,"44":1,"45":1,"46":1,"47":1,"48":1,"49":1,"50":1,"51":1,"52":1,"53":1,"54":1,"55":1,"56":1,"57":1,"58":1,"59":1,"60":1,"61":1,"62":1,"63":1,"64":1,"65":1,"66":1,"67":1,"68":1,"69":1,"70":0,"71":1,"72":1,"73":0,"74":1,"75":1,"76":1,"77":0,"78":1,"79":1,"80":0,"81":1,"82":1,"83":1,"84":1,"85":0,"86":0,"87":1,"88":0,"89":0,"90":1,"91":0,"92":0,"93":1,"94":0,"95":0,"96":1,"97":0,"98":0,"99":1,"100":0,"101":0,"102":1,"103":0,"104":0,"105":1,"106":0,"107":0,"108":1,"109":0,"110":0,"111":0,"112":0,"113":0,"114":0,"115":0,"116":0,"117":0,"118":0,"119":0,"120":0,"121":0,"122":0,"123":0,"124":0,"125":1,"126":1,"127":0,"128":0,"129":0,"130":0,"131":0,"132":0,"133":0,"134":0,"135":0,"136":0,"137":0,"138":0,"139":0,"140":0,"141":0,"142":0,"143":0,"144":0,"145":0,"146":0,"147":0,"148":0,"149":0,"150":0,"151":0,"152":0,"153":0,"154":0,"155":0,"156":1,"157":1,"158":0,"159":0,"160":0,"161":0,"162":0,"163":0,"164":0,"165":0,"166":0,"167":0,"168":0,"169":0,"170":0,"171":0,"172":0,"173":0,"174":0,"175":0,"176":0,"177":0,"178":0,"179":0,"180":0,"181":0,"182":0,"183":0,"184":0,"185":0,"186":0,"187":0,"188":0,"189":1,"190":1,"191":1,"192":1,"193":0,"194":0,"195":0,"196":0,"197":0,"198":0,"199":0,"200":0,"201":0,"202":0,"203":1,"204":1,"205":1,"206":1,"207":1,"208":1,"209":1,"210":1,"211":1,"212":1,"213":1,"214":1,"215":0,"216":0,"217":0,"218":
[...]
umn":0},"end":{"line":207,"column":10}},"207":{"start":{"line":208,"column":0},"end":{"line":208,"column":4}},"208":{"start":{"line":209,"column":0},"end":{"line":209,"column":1}}},"s":{"0":1,"1":1,"2":1,"3":1,"4":1,"5":1,"6":1,"7":1,"8":1,"9":1,"10":1,"11":1,"12":1,"13":1,"14":1,"15":1,"16":1,"17":4,"18":4,"19":4,"20":4,"21":4,"22":4,"23":4,"24":4,"25":4,"26":4,"27":4,"28":4,"29":4,"30":4,"31":4,"32":4,"33":4,"34":4,"35":4,"36":4,"37":4,"38":4,"39":4,"40":4,"41":4,"42":4,"43":4,"44":4,"45":4,"46":4,"47":4,"48":4,"49":0,"50":4,"51":4,"52":4,"53":4,"54":4,"55":4,"56":4,"57":0,"58":0,"59":0,"60":4,"61":4,"62":0,"63":0,"64":4,"65":0,"66":0,"67":4,"68":4,"69":0,"70":0,"71":0,"72":0,"73":0,"74":0,"75":0,"76":0,"77":0,"78":0,"79":0,"80":0,"81":0,"82":0,"83":0,"84":0,"85":0,"86":0,"87":0,"88":0,"89":0,"90":0,"91":0,"92":0,"93":0,"94":4,"95":4,"96":0,"97":0,"98":4,"99":4,"100":0,"101":0,"102":4,"103":4,"104":0,"105":0,"106":0,"107":4,"108":4,"109":4,"110":4,"111":4,"112":4,"113":4,"114":4,"115":4,"116":4,"117":4,"118":4,"119":4,"120":4,"121":4,"122":4,"123":4,"124":4,"125":4,"126":4,"127":4,"128":4,"129":4,"130":4,"131":4,"132":4,"133":4,"134":4,"135":4,"136":4,"137":4,"138":4,"139":4,"140":4,"141":4,"142":4,"143":4,"144":4,"145":4,"146":4,"147":4,"148":4,"149":4,"150":4,"151":4,"152":4,"153":4,"154":4,"155":4,"156":4,"157":4,"158":4,"159":4,"160":4,"161":4,"162":4,"163":4,"164":4,"165":4,"166":4,"167":4,"168":4,"169":4,"170":4,"171":4,"172":4,"173":4,"174":4,"175":4,"176":4,"177":4,"178":4,"179":4,"180":4,"181":4,"182":4,"183":4,"184":4,"185":4,"186":4,"187":4,"188":4,"189":4,"190":4,"191":4,"192":4,"193":4,"194":4,"195":4,"196":4,"197":4,"198":4,"199":4,"200":4,"201":4,"202":4,"203":4,"204":4,"205":4,"206":4,"207":4,"208":4},"branchMap":{"0":{"type":"branch","line":18,"loc":{"start":{"line":18,"column":0},"end":{"line":209,"column":1}},"locations":[{"start":{"line":18,"column":0},"end":{"line":209,"column":1}}]},"1":{"type":"branch","line":37,"loc":{"start":{"line":37,"column":12},"end":{"line":55,"column":5}},"locations":[{"start":{"line":37,"column":12},"end":{"line":55,"column":5}}]}},"b":{"0":[4],"1":[4]},"fnMap":{"0":{"name":"LoginPage","decl":{"start":{"line":18,"column":0},"end":{"line":209,"column":1}},"loc":{"start":{"line":18,"column":0},"end":{"line":209,"column":1}},"line":18},"1":{"name":"onSuccess","decl":{"start":{"line":33,"column":15},"end":{"line":33,"column":55}},"loc":{"start":{"line":33,"column":15},"end":{"line":33,"column":55}},"line":33},"2":{"name":"onError","decl":{"start":{"line":34,"column":13},"end":{"line":34,"column":60}},"loc":{"start":{"line":34,"column":13},"end":{"line":34,"column":60}},"line":34},"3":{"name":"logOut","decl":{"start":{"line":57,"column":17},"end":{"line":60,"column":4}},"loc":{"start":{"line":57,"column":17},"end":{"line":60,"column":4}},"line":57},"4":{"name":"responseMessage","decl":{"start":{"line":62,"column":26},"end":{"line":64,"column":4}},"loc":{"start":{"line":62,"column":26},"end":{"line":64,"column":4}},"line":62},"5":{"name":"errorMessage","decl":{"start":{"line":65,"column":23},"end":{"line":67,"column":4}},"loc":{"start":{"line":65,"column":23},"end":{"line":67,"column":4}},"line":65},"6":{"name":"loginRequest","decl":{"start":{"line":69,"column":23},"end":{"line":94,"column":4}},"loc":{"start":{"line":69,"column":23},"end":{"line":94,"column":4}},"line":69},"7":{"name":"handleEmailChange","decl":{"start":{"line":96,"column":28},"end":{"line":98,"column":4}},"loc":{"start":{"line":96,"column":28},"end":{"line":98,"column":4}},"line":96},"8":{"name":"handlePasswordChange","decl":{"start":{"line":100,"column":31},"end":{"line":102,"column":4}},"loc":{"start":{"line":100,"column":31},"end":{"line":102,"column":4}},"line":100},"9":{"name":"handleSubmit","decl":{"start":{"line":104,"column":23},"end":{"line":107,"column":4}},"loc":{"start":{"line":104,"column":23},"end":{"line":107,"column":4}},"line":104},"10":{"name":"onClick","decl":{"start":{"line":174,"column":19},"end":{"line":174,"column":39}},"loc":{"start":{"line":174,"column":19},"end":{"line":174,"column":39}},"line":174}},"f":{"0":4,"1":0,"2":0,"3":0,"4":0,"5":0,"6":0,"7":0,"8":0,"9":0,"10":0}}
,"/Users/Harry/Desktop/Flask-Jeeves/client/src/pages/RegisterPage/index.jsx": {"path":"/Users/Harry/Desktop/Flask-Jeeves/client/src/pages/RegisterPage/index.jsx","all":false,"statementMap":{"0":{"start":{"line":1,"column":0},"end":{"line":1,"column":42}},"1":{"start":{"line":2,"column":0},"end":{"line":2,"column":48}},"2":{"start":{"line":3,"column":0},"end":{"line":3,"column":62}},"3":{"start":{"line":4,"column":0},"end":{"line":4,"column":46}},"4":{"start":{"line":5,"column":0},"end":{"line":5,"column":38}},"5":{"start":{"line":6,"column":0},"end":{"line":6,"column":36}},"6":{"start":{"line":7,"column":0},"end":{"line":7,"column":64}},"7":{"start":{"line":8,"column":0},"end":{"line":8,"column":50}},"8":{"start":{"line":9,"column":0},"end":{"line":9,"column":48}},"9":{"start":{"line":10,"column":0},"end":{"line":10,"column":33}},"10":{"start":{"line":11,"column":0},"end":{"line":11,"column":48}},"11":{"start":{"line":12,"column":0},"end":{"line":12,"column":33}},"12":{"start":{"line":13,"column":0},"end":{"line":13,"column":47}},"13":{"start":{"line":14,"column":0},"end":{"line":14,"column":48}},"14":{"start":{"line":15,"column":0},"end":{"line":15,"column":0}},"15":{"start":{"line":16,"column":0},"end":{"line":16,"column":40}},"16":{"start":{"line":17,"column":0},"end":{"line":17,"column":9}},"17":{"start":{"line":18,"column":0},"end":{"line":18,"column":15}},"18":{"start":{"line":19,"column":0},"end":{"line":19,"column":18}},"19":{"start":{"line":20,"column":0},"end":{"line":20,"column":18}},"20":{"start":{"line":21,"column":0},"end":{"line":21,"column":21}},"21":{"start":{"line":22,"column":0},"end":{"line":22,"column":19}},"22":{"start":{"line":23,"column":0},"end":{"line":23,"column":22}},"23":{"start":{"line":24,"column":0},"end":{"line":24,"column":18}},"24":{"start":{"line":25,"column":0},"end":{"line":25,"column":21}},"25":{"start":{"line":26,"column":0},"end":{"line":26,"column":23}},"26":{"start":{"line":27,"column":0},"end":{"line":27,"column":0}},"27":{"start":{"line":28,"column":0},"end":{"line":28,"column":33}},"28":{"start":{"line":29,"column":0},"end":{"line":29,"column":0}},"29":{"start":{"line":30,"column":0},"end":{"line":30,"column":39}},"30":{"start":{"line":31,"column":0},"end":{"line":31,"column":21}},"31":{"start":{"line":32,"column":0},"end":{"line":32,"column":21}},"32":{"start":{"line":33,"column":0},"end":{"line":33,"column":19}},"33":{"start":{"line":34,"column":0},"end":{"line":34,"column":16}},"34":{"start":{"line":35,"column":0},"end":{"line":35,"column":35}},"35":{"start":{"line":36,"column":0},"end":{"line":36,"column":43}},"36":{"start":{"line":37,"column":0},"end":{"line":37,"column":30}},"37":{"start":{"line":38,"column":0},"end":{"line":38,"column":8}},"38":{"start":{"line":39,"column":0},"end":{"line":39,"column":28}},"39":{"start":{"line":40,"column":0},"end":{"line":40,"column":35}},"40":{"start":{"line":41,"column":0},"end":{"line":41,"column":33}},"41":{"start":{"line":42,"column":0},"end":{"line":42,"column":26}},"42":{"start":{"line":43,"column":0},"end":{"line":43,"column":32}},"43":{"start":{"line":44,"column":0},"end":{"line":44,"column":9}},"44":{"start":{"line":45,"column":0},"end":{"line":45,"column":6}},"45":{"start":{"line":46,"column":0},"end":{"line":46,"column":72}},"46":{"start":{"line":47,"column":0},"end":{"line":47,"column":39}},"47":{"start":{"line":48,"column":0},"end":{"line":48,"column":0}},"48":{"start":{"line":49,"column":0},"end":{"line":49,"column":33}},"49":{"start":{"line":50,"column":0},"end":{"line":50,"column":67}},"50":{"start":{"line":51,"column":0},"end":{"line":51,"column":25}},"51":{"start":{"line":52,"column":0},"end":{"line":52,"column":24}},"52":{"start":{"line":53,"column":0},"end":{"line":53,"column":27}},"53":{"start":{"line":54,"column":0},"end":{"line":54,"column":28}},"54":{"start":{"line":55,"column":0},"end":{"line":55,"column":27}},"55":{"start":{"line":56,"column":0},"end":{"line":56,"column":12}},"56":{"start":{"line":57,"column":0},"end":{"line":57,"column":24}},"57":{"start":{"line":58,"column":0},"end":{"line":58,"column":5}},"58":{"start":{"line":59,"column":0},"end":{"line":59,"column":4}},"59":{"start":{"line":60,"column":0},"end":{"line":60,"column":0}},"60":{"start":{"line":61,"column":0},"end":{"line":61,"column":36}},"61":{"start":{"line":62,"column":0},"end":{"line":62,"column":34}},"62":{"start":{"line":63,"column":0},"end":{"line":63,"column":4}},"63":{"start":{"line":64,"column":0},"end":{"line":64,"column":0}},"64":{"start":{"line":65,"column":0},"end":{"line":65,"column":39}},"65":{"start":{"line":66,"column":0},"end":{"line":66,"column":37}},"66":{"start":{"line":67,"column":0},"end":{"line":67,"column":4}},"67":{"start":{"line":68,"column":0},"end":{"line":68,"column":0}},"68":{"start":{"line":69,"column":0},"end":{"line":69,"column":40}},"69":{"start":{"line":70,"column":0},"end":{"line":70,"column":38}},"70":{"start":{"line":71,"column":0},"end":{"line":71,"column":4}},"71":{"start":{"line":72,"column":0},"end":{"line":72,"column":0}},"72":{"start":{"line":73,"column":0},"end":{"line":73,"column":39}},"73":{"start":{"line":74,"column":0},"end":{"line":74,"column":37}},"74":{"start":{"line":75,"column":0},"end":{"line":75,"column":4}},"75":{"start":{"line":76,"column":0},"end":{"line":76,"column":0}},"76":{"start":{"line":77,"column":0},"end":{"line":77,"column":31}},"77":{"start":{"line":78,"column":0},"end":{"line":78,"column":23}},"78":{"start":{"line":79,"column":0},"end":{"line":79,"column":22}},"79":{"start":{"line":80,"column":0},"end":{"line":80,"column":4}},"80":{"start":{"line":81,"column":0},"end":{"line":81,"column":10}},"81":{"start":{"line":82,"column":0},"end":{"line":82,"column":32}},"82":{"start":{"line":83,"column":0},"end":{"line":83,"column":69}},"83":{"start":{"line":84,"column":0},"end":{"line":84,"column":57}},"84":{"start":{"line":85,"column":0},"end":{"line":85,"column":19}},"85":{"start":{"line":86,"column":0},"end":{"line":86,"column":24}},"86":{"start":{"line":87,"column":0},"end":{"line":87,"column":22}},"87":{"start":{"line":88,"column":0},"end":{"line":88,"column":29}},"88":{"start":{"line":89,"column":0},"end":{"line":89,"column":42}},"89":{"start":{"line":90,"column":0},"end":{"line":90,"column":15}},"90":{"start":{"line":91,"column":0},"end":{"line":91,"column":30}},"91":{"start":{"line":92,"column":0},"end":{"line":92,"column":32}},"92":{"start":{"line":93,"column":0},"end":{"line":93,"column":12}},"93":{"start":{"line":94,"column":0},"end":{"line":94,"column":9}},"94":{"start":{"line":95,"column":0},"end":{"line":95,"column":18}},"95":{"start":{"line":96,"column":0},"end":{"line":96,"column":21}},"96":{"start":{"line":97,"column":0},"end":{"line":97,"column":18}},"97":{"start":{"line":98,"column":0},"end":{"line":98,"column":25}},"98":{"start":{"line":99,"column":0},"end":{"line":99,"column":19}},"99":{"start":{"line":100,"column":0},"end":{"line":100,"column":18}},"100":{"start":{"line":101,"column":0},"end":{"line":101,"column":28}},"101":{"start":{"line":102,"column":0},"end":{"line":102,"column":28}},"102":{"start":{"line":103,"column":0},"end":{"line":103,"column":20}},"103":{"start":{"line":104,"column":0},"end":{"line":104,"column":31}},"104":{"start":{"line":105,"column":0},"end":{"line":105,"column":22}},"105":{"start":{"line":106,"column":0},"end":{"line":106,"column":30}},"106":{"start":{"line":107,"column":0},"end":{"line":107,"column":19}},"107":{"start":{"line":108,"column":0},"end":{"line":108,"column":38}},"108":{"start":{"line":109,"column":0},"end":{"line":109,"column":10}},"109":{"start":{"line":110,"column":0},"end":{"line":110,"column":18}},"110":{"start":{"line":111,"column":0},"end":{"line":111,"column":25}},"111":{"start":{"line":112,"column":0},"end":{"line":112,"column":19}},"112":{"start":{"line":113,"column":0},"end":{"line":113,"column":18}},"113":{"start":{"line":114,"column":0},"end":{"line":114,"column":32}},"114":{"start":{"line":115,"column":0},"end":{"line":115,"column":28}},"115":{"start":{"line":116,"column":0},"end":{"line":116,"column":25}},"116":{"start":{"line":117,"column":0},"end":{"line":117,"column":28}},"117":{"start":{"line":118,"column":0},"end":{"line":118,"column":27}},"118":{"start":{"line":119,"column":0},"end":{"line":119,"column":35}},"119":{"start":{"line":120,"column":0},"end":{"line":120,"column":19}},"120":{"start":{"line":121,"column":0},"end":{"line":121,"column":42}},"121":{"start":{"line":122,"column":0},"end":{"line":122,"column":10}},"122":{"start":{"line":123,"column":0},"end":{"line":123,"column":18}},"123":{"start":{"line":124,"column":0},"end":{"line":124,"column":25}},"124":{"start":{"line":125,"column":0},"end":{"line":125,"column":19}},"125":{"start":{"line":126,"column":0},"end":{"line":126,"column":18}},"126":{"start":{"line":127,"column":0},"end":{"line":127,"column":31}},"127":{"start":{"line":128,"column":0},"end":{"line":128,"column":28}},"128":{"start":{"line":129,"column":0},"end":{"line":129,"column":24}},"129":{"start":{"line":130,"column":0},"end":{"line":130,"column":27}},"130":{"start":{"line":131,"column":0},"end":{"line":131,"column":26}},"131":{"start":{"line":132,"column":0},"end":{"line":132,"column":34}},"132":{"start":{"line":133,"column":0},"end":{"line":133,"column":19}},"133":{"start":{"line":134,"column":0},"end":{"line":134,"column":41}},"134":{"start":{"line":135,"column":0},"end":{"line":135,"column":10}},"135":{"start":{"line":136,"column":0},"end":{"line":136,"column":18}},"136":{"start":{"line":137,"column":0},"end":{"line":137,"column":25}},"137":{"start":{"line":138,"column":0},"end":{"line":138,"column":25}},"138":{"start":{"line":139,"column":0},"end":{"line":139,"column":19}},"139":{"start":{"line":140,"column":0},"end":{"line":140,"column":18}},"140":{"start":{"line":141,"column":0},"end":{"line":141,"column":31}},"141":{"start":{"line":142,"column":0},"end":{"line":142,"column":28}},"142":{"start":{"line":143,"column":0},"end":{"line":143,"column":23}},"143":{"start":{"line":144,"column":0},"end":{"line":144,"column":26}},"144":{"start":{"line":145,"column":0},"end":{"line":145,"column":25}},"145":{"start":{"line":146,"column":0},"end":{"line":146,"column":41}},"146":{"start":{"line":147,"column":0},"end":{"line":147,"column":41}},"147":{"start":{"line":148,"column":0},"end":{"line":148,"column":10}},"148":{"start":{"line":149,"column":0},"end":{"line":149,"column":25}},"149":{"start":{"line":150,"column":0},"end":{"line":150,"column":73}},"150":{"start":{"line":151,"column":0},"end":{"line":151,"column":92}},"151":{"start":{"line":152,"column":0},"end":{"line":152,"column":10}},"152":{"start":{"line":153,"column":0},"end":{"line":153,"column":15}},"153":{"start":{"line":154,"column":0},"end":{"line":154,"column":35}},"154":{"start":{"line":155,"column":0},"end":{"line":155,"column":28}},"155":{"start":{"line":156,"column":0},"end":{"line":156,"column":19}},"156":{"start":{"line":157,"column":0},"end":{"line":157,"column":29}},"157":{"start":{"line":158,"column":0},"end":{"line":158,"column":15}},"158":{"start":{"line":159,"column":0},"end":{"line":159,"column":18}},"159":{"start":{"line":160,"column":0},"end":{"line":160,"column":18}},"160":{"start":{"line":161,"column":0},"end":{"line":161,"column":18}},"161":{"start":{"line":162,"column":0},"end":{"line":162,"column":31}},"162":{"start":{"line":163,"column":0},"end":{"line":163,"column":40}},"163":{"start":{"line":164,"column":0},"end":{"line":164,"column":28}},"164":{"start":{"line":165,"column":0},"end":{"line":165,"column":35}},"165":{"start":{"line":166,"column":0},"end":{"line":166,"column":26}},"166":{"start":{"line":167,"column":0},"end":{"line":167,"column":39}},"167":{"start":{"line":168,"column":0},"end":{"line":168,"column":25}},"168":{"start":{"line":169,"column":0},"end":{"line":169,"column":41}},"169":{"start":{"line":170,"column":0},"end":{"line":170,"column":14}},"170":{"start":{"line":171,"column":0},"end":{"line":171,"column":25}},"171":{"start":{"line":172,"column":0},"end":{"line":172,"column":41}},"172":{"start":{"line":173,"column":0},"end":{"line":173,"column":14}},"173":{"start":{"line":174,"column":0},"end":{"line":174,"column":12}},"174":{"start":{"line":175,"column":0},"end":{"line":175,"column":9}},"175":{"start":{"line":176,"column":0},"end":{"line":176,"column":18}},"176":{"start":{"line":177,"column":0},"end":{"line":177,"column":17}},"177":{"start":{"line":178,"column":0},"end":{"line":178,"column":71}},"178":{"start":{"line":179,"column":0},"end":{"line":179,"column":42}},"179":{"start":{"line":180,"column":0},"end":{"line":180,"column":15}},"180":{"start":{"line":181,"column":0},"end":{"line":181,"column":13}},"181":{"start":{"line":182,"column":0},"end":{"line":182,"column":10}},"182":{"start":{"line":183,"column":0},"end":{"line":183,"column":4}},"183":{"start":{"line":184,"column":0},"end":{"line":184,"column":1}}},"s":{"0":1,"1":1,"2":1,"3":1,"4":1,"5":1,"6":1,"7":1,"8":1,"9":1,"10":1,"11":1,"12":1,"13":1,"14":1,"15":3,"16":3,"17":3,"18":3,"19":3,"20":3,"21":3,"22":3,"23":3,"24":3,"25":3,"26":3,"27":3,"28":3,"29":3,"30":0,"31":0,"32":0,"33":0,"34":0,"35":0,"36":0,"37":0,"38":0,"39":0,"40":0,"41":0,"42":0,"43":0,"44":0,"45":0,"46":0,"47":0,"48":0,"49":0,"50":0,"51":0,"52":0,"53":0,"54":0,"55":0,"56":0,"57":0,"58":0,"59":3,"60":3,"61":0,"62":0,"63":3,"64":3,"65":0,"66":0,"67":3,"68":3,"69":0,"70":0,"71":3,"72":3,"73":0,"74":0,"75":3,"76":3,"77":0,"78":0,"79":0,"80":3,"81":3,"82":3,"83":3,"84":3,"85":3,"86":3,"87":3,"88":3,"89":3,"90":3,"91":3,"92":3,"93":3,"94":3,"95":3,"96":3,"97":3,"98":3,"99":3,"100":3,"101":3,"102":3,"103":3,"104":3,"105":3,"106":3,"107":3,"108":3,"109":3,"110":3,"111":3,"112":3,"113":3,"114":3,"115":3,"116":3,"117":3,"118":3,"119":3,"120":3,"121":3,"122":3,"123":3,"124":3,"125":3,"126":3,"127":3,"128":3,"129":3,"130":3,"131":3,"132":3,"133":3,"134":3,"135":3,"136":3,"137":3,"138":3,"139":3,"140":3,"141":3,"142":3,"143":3,"144":3,"145":3,"146":3,"147":3,"148":3,"149":3,"150":3,"151":3,"152":3,"153":3,"154":3,"155":3,"156":3,"157":3,"158":3,"159":3,"160":3,"161":3,"162":3,"163":3,"164":3,"165":3,"166":3,"167":3,"168":3,"169":3,"170":3,"171":3,"172":3,"173":3,"174":3,"175":3,"176":3,"177":3,"178":3,"179":3,"180":3,"181":3,"182":3,"183":3},"branchMap":{"0":{"type":"branch","line":16,"loc":{"start":{"line":16,"column":0},"end":{"line":184,"column":1}},"locations":[{"start":{"line":16,"column":0},"end":{"line":184,"column":1}}]}},"b":{"0":[3]},"fnMap":{"0":{"name":"RegisterPage","decl":{"start":{"line":16,"column":0},"end":{"line":184,"column":1}},"loc":{"start":{"line":16,"column":0},"end":{"line":184,"column":1}},"line":16},"1":{"name":"registerRequest","decl":{"start":{"line":30,"column":26},"end":{"line":59,"column":4}},"loc":{"start":{"line":30,"column":26},"end":{"line":59,"column":4}},"line":30},"2":{"name":"handleEmailChange","decl":{"start":{"line":61,"column":28},"end":{"line":63,"column":4}},"loc":{"start":{"line":61,"column":28},"end":{"line":63,"column":4}},"line":61},"3":{"name":"handlePasswordChange","decl":{"start":{"line":65,"column":31},"end":{"line":67,"column":4}},"loc":{"start":{"line":65,"column":31},"end":{"line":67,"column":4}},"line":65},"4":{"name":"handleFirstNameChange","decl":{"start":{"line":69,"column":32},"end":{"line":71,"column":4}},"loc":{"start":{"line":69,"column":32},"end":{"line":71,"column":4}},"line":69},"5":{"name":"handleLastNameChange","decl":{"start":{"line":73,"column":31},"end":{"line":75,"column":4}},"loc":{"start":{"line":73,"column":31},"end":{"line":75,"column":4}},"line":73},"6":{"name":"handleSubmit","decl":{"start":{"line":77,"column":23},"end":{"line":80,"column":4}},"loc":{"start":{"line":77,"column":23},"end":{"line":80,"column":4}},"line":77}},"f":{"0":3,"1":0,"2":0,"3":0,"4":0,"5":0,"6":0}}
}
